#
# A fatal error has been detected by the Java Runtime Environment:
#
#  EXCEPTION_ACCESS_VIOLATION (0xc0000005) at pc=0x000001859486100f, pid=4536, tid=23348
#
# JRE version: OpenJDK Runtime Environment Temurin-22.0.1+8 (22.0.1+8) (build 22.0.1+8)
# Java VM: OpenJDK 64-Bit Server VM Temurin-22.0.1+8 (22.0.1+8, mixed mode, emulated-client, tiered, compressed oops, compressed class ptrs, g1 gc, windows-amd64)
# Problematic frame:
# v  ~BufferBlob::MethodHandles adapters 0x000001859486100f
#
# No core dump will be written. Minidumps are not enabled by default on client versions of Windows
#
# If you would like to submit a bug report, please visit:
#   https://github.com/adoptium/adoptium-support/issues
#

---------------  S U M M A R Y ------------

Command Line: -XX:+ShowCodeDetailsInExceptionMessages -agentlib:jdwp=transport=dt_socket,suspend=y,address=localhost:65355 -Dcom.sun.management.jmxremote -Dcom.sun.management.jmxremote.port=65354 -Dcom.sun.management.jmxremote.authenticate=false -Dcom.sun.management.jmxremote.ssl=false -Djava.rmi.server.hostname=localhost -Dspring.jmx.enabled=true -Dmanagement.endpoints.jmx.exposure.include=* -Dspring.application.admin.enabled=true -XX:TieredStopAtLevel=1 -Dspring.boot.project.name=Scotiabank -javaagent:C:\Users\Ojitos\eclipse\java-2024-06\eclipse\configuration\org.eclipse.osgi\251\0\.cp\lib\javaagent-shaded.jar -Dfile.encoding=UTF-8 -Dstdout.encoding=UTF-8 -Dstderr.encoding=UTF-8 com.api.Scotiabank.ScotiabankApplication --spring.output.ansi.enabled=always

Host: 12th Gen Intel(R) Core(TM) i9-12900H, 20 cores, 13G,  Windows 10 , 64 bit Build 19041 (10.0.19041.3636)
Time: Wed Jul 10 20:25:01 2024 Hora est. Pacífico, Sudamérica elapsed time: 48.733819 seconds (0d 0h 0m 48s)

---------------  T H R E A D  ---------------

Current thread (0x000001858f37d7a0):  JavaThread "main"             [_thread_in_Java, id=23348, stack(0x0000001098600000,0x0000001098700000) (1024K)]

Stack: [0x0000001098600000,0x0000001098700000],  sp=0x00000010986fd9a8,  free space=1014k
Native frames: (J=compiled Java code, j=interpreted, Vv=VM code, C=native code)
C  0x000001859486100f  (no source info available)

The last pc belongs to _linkToSpecial (printed below).

siginfo: EXCEPTION_ACCESS_VIOLATION (0xc0000005), reading address 0xfffffffffffffff7


Registers:
RAX=0x00000185948390e6, RBX=0x000000072872b140, RCX=0xfffffffffffffff7, RDX=0x0000000000000003
RSP=0x00000010986fd9a8, RBP=0x00000010986fda00, RSI=0x00000185a5acf8e8, RDI=0x00000185a71824d0
R8 =0x0000000000000002, R9 =0x0000000000000002, R10=0x00007ffd63d6fd80, R11=0x00000185a13d27d0
R12=0x0000000000000000, R13=0x00000010986fd9a8, R14=0x00000010986fda28, R15=0x000001858f37d7a0
RIP=0x000001859486100f, EFLAGS=0x0000000000010202


Register to memory mapping:

RAX=0x00000185948390e6 is at code_begin+3174 in an Interpreter codelet
return entry points  [0x0000018594838480, 0x000001859483a388]  7944 bytes
RBX=0x000000072872b140 is an oop: jdk.proxy2.$Proxy81 
{0x000000072872b140} - klass: 'jdk/proxy2/$Proxy81'
 - ---- fields (total size 2 words):
 - protected 'h' 'Ljava/lang/reflect/InvocationHandler;' @12  a 'org/springframework/aop/framework/JdkDynamicAopProxy'{0x000000072872a2a8} (0xe50e5455)
RCX=0xfffffffffffffff7 is an unknown value
RDX=0x0000000000000003 is an unknown value
RSP=0x00000010986fd9a8 is pointing into the stack for thread: 0x000001858f37d7a0
RBP=0x00000010986fda00 is pointing into the stack for thread: 0x000001858f37d7a0
RSI=0x00000185a5acf8e8 points into unknown readable memory: 0x800064d0466e5a7c | 7c 5a 6e 46 d0 64 00 80
RDI=0x00000185a71824d0 points into unknown readable memory: 0x0000002000000080 | 80 00 00 00 20 00 00 00
R8 =0x0000000000000002 is an unknown value
R9 =0x0000000000000002 is an unknown value
R10=0x00007ffd63d6fd80 jvm.dll
R11={method} {0x00000185a13d27d8} 'newInvokeSpecial' '(Ljava/lang/Object;Ljava/lang/Object;)Ljava/lang/Object;' in 'java/lang/invoke/DirectMethodHandle$Holder'
R12=0x0 is null
R13=0x00000010986fd9a8 is pointing into the stack for thread: 0x000001858f37d7a0
R14=0x00000010986fda28 is pointing into the stack for thread: 0x000001858f37d7a0
R15=0x000001858f37d7a0 is a thread

Top of Stack: (sp=0x00000010986fd9a8)
0x00000010986fd9a8:   00000185948390e6 000000072872b970
0x00000010986fd9b8:   fffffffffffffff7 00000185a13d27c0
0x00000010986fd9c8:   0000000000000005 00000185a13d7408
0x00000010986fd9d8:   0000018594ea37f4 00000007249ddd10
0x00000010986fd9e8:   00000185a13d27d0 fffffffffffffff5
0x00000010986fd9f8:   00000010986fda30 00000010986fdde8
0x00000010986fda08:   0000018595172ff0 000000072872b728
0x00000010986fda18:   000000072872b970 000000072872b140
0x00000010986fda28:   000000072872b758 00000010986fd1f0
0x00000010986fda38:   0000018595069e54 00000185a001ce30
0x00000010986fda48:   000000072872b930 000000072872b140
0x00000010986fda58:   000000072872b8e0 000000072872b758
0x00000010986fda68:   000000072872b140 0000018595172f2c
0x00000010986fda78:   000000072affc1c0 00000010986fdde8
0x00000010986fda88:   0000018594c61b0b 00000010986fdde8
0x00000010986fda98:   0000018594c63d34 0000000724fcd690
0x00000010986fdaa8:   0000000727d6e748 00000010986fdde8
0x00000010986fdab8:   00000185955cad7c 00000010986fd1f0
0x00000010986fdac8:   00000185949ea07d 000001858f37d7a0
0x00000010986fdad8:   00007ffd63449ccd 000000008920ba98
0x00000010986fdae8:   00000010986fc7b0 0000000724fee598
0x00000010986fdaf8:   000001858f37d7a0 000001858f37d7a0
0x00000010986fdb08:   0000000724fee470 00000007249dcfd8
0x00000010986fdb18:   0000000727eee0a8 000000072affc1c0
0x00000010986fdb28:   000000072affc1c0 000000072872b958
0x00000010986fdb38:   000000072872b460 0000000000000000
0x00000010986fdb48:   000000072872b958 00000010986fdde8
0x00000010986fdb58:   0000018500000001 000000072872b140
0x00000010986fdb68:   000000072872b930 00000010986fdde8
0x00000010986fdb78:   0000018594c635dc 0000000000000000
0x00000010986fdb88:   0000000000000000 0000000000000000
0x00000010986fdb98:   00000010986fc700 000001858f37d7a0 

Instructions: (pc=0x000001859486100f)
0x0000018594860f0f:   90 66 66 66 0f 1f 84 00 00 00 00 00 66 66 66 90
0x0000018594860f1f:   90 48 8b 53 08 0f b7 52 2e 48 8b 0c d4 8b 59 14
0x0000018594860f2f:   48 c1 e3 03 8b 5b 28 48 c1 e3 03 8b 5b 24 48 c1
0x0000018594860f3f:   e3 03 48 8b 5b 10 48 85 db 0f 84 10 00 00 00 41
0x0000018594860f4f:   80 bf e8 05 00 00 00 74 03 ff 63 38 ff 63 50 e9
0x0000018594860f5f:   9d 16 00 00 66 66 66 0f 1f 84 00 00 00 00 00 66
0x0000018594860f6f:   66 66 90 66 66 0f 1f 84 00 00 00 00 00 66 66 66
0x0000018594860f7f:   90 48 8b 53 08 0f b7 52 2e 48 8b 0c d4 58 5b 50
0x0000018594860f8f:   44 8b 51 08 4c 8b 5b 10 4b 8b 9c da c8 01 00 00
0x0000018594860f9f:   48 85 db 0f 84 10 00 00 00 41 80 bf e8 05 00 00
0x0000018594860faf:   00 74 03 ff 63 38 ff 63 50 e9 43 16 00 00 66 66
0x0000018594860fbf:   90 58 5b 50 8b 5b 24 48 c1 e3 03 48 8b 5b 10 48
0x0000018594860fcf:   85 db 0f 84 10 00 00 00 41 80 bf e8 05 00 00 00
0x0000018594860fdf:   74 03 ff 63 38 ff 63 50 e9 14 16 00 00 66 66 66
0x0000018594860fef:   0f 1f 84 00 00 00 00 00 66 66 66 90 0f 1f 44 00
0x0000018594860fff:   00 48 8b 53 08 0f b7 52 2e 48 8b 0c d4 58 5b 50
0x000001859486100f:   48 3b 01 8b 5b 24 48 c1 e3 03 48 8b 5b 10 48 85
0x000001859486101f:   db 0f 84 10 00 00 00 41 80 bf e8 05 00 00 00 74
0x000001859486102f:   03 ff 63 38 ff 63 50 e9 c5 15 00 00 0f 1f 44 00
0x000001859486103f:   00 48 8b 53 08 0f b7 52 2e 48 8b 0c d4 58 5b 50
0x000001859486104f:   44 8b 51 08 8b 43 18 48 c1 e0 03 48 8b 40 10 48
0x000001859486105f:   8b 5b 10 45 8b 9a a0 00 00 00 4f 8d 9c da c8 01
0x000001859486106f:   00 00 4d 8d 14 da 49 8b 1b 48 3b c3 74 15 48 85
0x000001859486107f:   db 0f 84 32 00 00 00 49 83 c3 10 49 8b 1b 48 3b
0x000001859486108f:   c3 75 eb 45 8b 5b 08 4b 8b 1c 1a 48 85 db 0f 84
0x000001859486109f:   10 00 00 00 41 80 bf e8 05 00 00 00 74 03 ff 63
0x00000185948610af:   38 ff 63 50 e9 48 15 00 00 e9 43 12 00 00 f4 00
0x00000185948610bf:   00 00 00 00 00 00 00 00 00 00 00 00 00 00 00 00
0x00000185948610cf:   00 00 00 00 00 00 00 00 00 00 00 00 00 00 00 00
0x00000185948610df:   00 00 00 00 00 00 00 00 00 00 00 00 00 00 00 00
0x00000185948610ef:   00 00 00 00 00 00 00 00 00 00 00 00 00 00 00 00
0x00000185948610ff:   00 00 00 00 00 00 00 00 00 00 00 00 00 00 00 00 


Stack slot to memory mapping:

stack at sp + 0 slots: 0x00000185948390e6 is at code_begin+3174 in an Interpreter codelet
return entry points  [0x0000018594838480, 0x000001859483a388]  7944 bytes
stack at sp + 1 slots: 0x000000072872b970 is an oop: com.api.Scotiabank.Service.AlumnoService 
{0x000000072872b970} - klass: 'com/api/Scotiabank/Service/AlumnoService'
 - ---- fields (total size 2 words):
 - private final 'alumnoRepository' 'Lcom/api/Scotiabank/Repository/AlumnoRepository;' @12  null (0x00000000)
stack at sp + 2 slots: 0xfffffffffffffff7 is an unknown value
stack at sp + 3 slots: 0x00000185a13d27c0 is pointing into metadata
stack at sp + 4 slots: 0x0000000000000005 is an unknown value
stack at sp + 5 slots: 0x00000185a13d7408 is pointing into metadata
stack at sp + 6 slots: 0x0000018594ea37f4 is at entry_point+788 in (nmethod*)0x0000018594ea3310
Compiled method (c1) 48765  946       1       java.lang.reflect.AccessibleObject::slowVerifyAccess (67 bytes)
 total in heap  [0x0000018594ea3310,0x0000018594ea39b0] = 1696
 relocation     [0x0000018594ea3468,0x0000018594ea34e0] = 120
 main code      [0x0000018594ea34e0,0x0000018594ea3868] = 904
 stub code      [0x0000018594ea3868,0x0000018594ea38d0] = 104
 metadata       [0x0000018594ea38d0,0x0000018594ea3900] = 48
 scopes data    [0x0000018594ea3900,0x0000018594ea3940] = 64
 scopes pcs     [0x0000018594ea3940,0x0000018594ea39a0] = 96
 dependencies   [0x0000018594ea39a0,0x0000018594ea39b0] = 16
stack at sp + 7 slots: 0x00000007249ddd10 is an oop: java.lang.Class 
{0x00000007249ddd10} - klass: 'java/lang/Class'
 - ---- fields (total size 14 words):
 - private volatile transient 'classRedefinedCount' 'I' @12  0 (0x00000000)
 - injected 'klass' 'J' @16  2298688544 (0x0000000089033420)
 - injected 'array_klass' 'J' @24  0 (0x0000000000000000)
 - injected 'oop_size' 'I' @32  14 (0x0000000e)
 - injected 'static_oop_field_count' 'I' @36  0 (0x00000000)
 - private volatile transient 'cachedConstructor' 'Ljava/lang/reflect/Constructor;' @40  null (0x00000000)
 - private transient 'name' 'Ljava/lang/String;' @44  null (0x00000000)
 - private transient 'module' 'Ljava/lang/Module;' @48  a 'java/lang/Module'{0x00000007249d1260} (0xe493a24c)
 - private final 'classLoader' 'Ljava/lang/ClassLoader;' @52  null (0x00000000)
 - private transient 'classData' 'Ljava/lang/Object;' @56  null (0x00000000)
 - private transient 'packageName' 'Ljava/lang/String;' @60  null (0x00000000)
 - private final 'componentType' 'Ljava/lang/Class;' @64  null (0x00000000)
 - private volatile transient 'reflectionData' 'Ljava/lang/ref/SoftReference;' @68  null (0x00000000)
 - private volatile transient 'genericInfo' 'Lsun/reflect/generics/repository/ClassRepository;' @72  null (0x00000000)
 - private volatile transient 'enumConstants' '[Ljava/lang/Object;' @76  null (0x00000000)
 - private volatile transient 'enumConstantDirectory' 'Ljava/util/Map;' @80  null (0x00000000)
 - private volatile transient 'annotationData' 'Ljava/lang/Class$AnnotationData;' @84  null (0x00000000)
 - private volatile transient 'annotationType' 'Lsun/reflect/annotation/AnnotationType;' @88  null (0x00000000)
 - transient 'classValueMap' 'Ljava/lang/ClassValue$ClassValueMap;' @92  null (0x00000000)
 - injected 'protection_domain' 'Ljava/lang/Object;' @96  null (0x00000000)
 - injected 'signers_name' 'Ljava/lang/Object;' @100  null (0x00000000)
 - injected 'source_file' 'Ljava/lang/Object;' @104  null (0x00000000)
 - signature: Ljava/lang/invoke/DirectMethodHandle$Holder;
 - ---- static fields (0):

MethodHandle::interpreter_entry::_linkToSpecial [0x0000018594860fec, 0x000001859486103b] (79 bytes)
[MachCode]
  0x0000018594860fec: 6666 660f | 1f84 0000 | 0000 0066 | 6666 900f | 1f44 0000 | 488b 5308 | 0fb7 522e | 488b 0cd4 
  0x000001859486100c: 585b 5048 | 3b01 8b5b | 2448 c1e3 | 0348 8b5b | 1048 85db | 0f84 1000 | 0000 4180 | bfe8 0500 
  0x000001859486102c: 0000 7403 | ff63 38ff | 6350 e9c5 | 
[/MachCode]

---------------  P R O C E S S  ---------------

Threads class SMR info:
_java_thread_list=0x00000185a67b23c0, length=25, elements={
0x000001858f37d7a0, 0x00000185a00e5ed0, 0x00000185a00e8c00, 0x00000185a010ad40,
0x00000185a010c7b0, 0x00000185a010ddb0, 0x00000185a010e420, 0x00000185a0112380,
0x00000185a02d5bb0, 0x00000185a036f430, 0x00000185a0399230, 0x00000185a0399ee0,
0x00000185a5505ee0, 0x00000185a5742e60, 0x00000185a5772d40, 0x00000185a57c0c40,
0x00000185a5c678f0, 0x00000185a5d3b730, 0x00000185a5d424b0, 0x00000185a5d6fed0,
0x00000185a6e14da0, 0x00000185a6e17500, 0x00000185a6e16e70, 0x00000185a6e15430,
0x00000185a565fce0
}

Java Threads: ( => current thread )
=>0x000001858f37d7a0 JavaThread "main"                              [_thread_in_Java, id=23348, stack(0x0000001098600000,0x0000001098700000) (1024K)]
  0x00000185a00e5ed0 JavaThread "Reference Handler"          daemon [_thread_blocked, id=6720, stack(0x0000001098e00000,0x0000001098f00000) (1024K)]
  0x00000185a00e8c00 JavaThread "Finalizer"                  daemon [_thread_blocked, id=19552, stack(0x0000001098f00000,0x0000001099000000) (1024K)]
  0x00000185a010ad40 JavaThread "Signal Dispatcher"          daemon [_thread_blocked, id=22016, stack(0x0000001099000000,0x0000001099100000) (1024K)]
  0x00000185a010c7b0 JavaThread "Attach Listener"            daemon [_thread_blocked, id=24120, stack(0x0000001099100000,0x0000001099200000) (1024K)]
  0x00000185a010ddb0 JavaThread "Service Thread"             daemon [_thread_blocked, id=3728, stack(0x0000001099200000,0x0000001099300000) (1024K)]
  0x00000185a010e420 JavaThread "Monitor Deflation Thread"   daemon [_thread_blocked, id=19320, stack(0x0000001099300000,0x0000001099400000) (1024K)]
  0x00000185a0112380 JavaThread "C1 CompilerThread0"         daemon [_thread_blocked, id=25284, stack(0x0000001099400000,0x0000001099500000) (1024K)]
  0x00000185a02d5bb0 JavaThread "Common-Cleaner"             daemon [_thread_blocked, id=23632, stack(0x0000001099600000,0x0000001099700000) (1024K)]
  0x00000185a036f430 JavaThread "JDWP Transport Listener: dt_socket" daemon [_thread_blocked, id=12792, stack(0x0000001099800000,0x0000001099900000) (1024K)]
  0x00000185a0399230 JavaThread "JDWP Event Helper Thread"   daemon [_thread_blocked, id=15344, stack(0x0000001099900000,0x0000001099a00000) (1024K)]
  0x00000185a0399ee0 JavaThread "JDWP Command Reader"        daemon [_thread_in_native, id=10156, stack(0x0000001099a00000,0x0000001099b00000) (1024K)]
  0x00000185a5505ee0 JavaThread "Notification Thread"        daemon [_thread_blocked, id=20548, stack(0x0000001099b00000,0x0000001099c00000) (1024K)]
  0x00000185a5742e60 JavaThread "RMI TCP Accept-0"           daemon [_thread_in_native, id=13052, stack(0x000000109a100000,0x000000109a200000) (1024K)]
  0x00000185a5772d40 JavaThread "RMI TCP Accept-65354"       daemon [_thread_in_native, id=13776, stack(0x000000109a200000,0x000000109a300000) (1024K)]
  0x00000185a57c0c40 JavaThread "RMI TCP Accept-0"           daemon [_thread_in_native, id=12228, stack(0x000000109ac00000,0x000000109ad00000) (1024K)]
  0x00000185a5c678f0 JavaThread "RMI TCP Connection(idle)"   daemon [_thread_blocked, id=23400, stack(0x000000109b300000,0x000000109b400000) (1024K)]
  0x00000185a5d3b730 JavaThread "RMI TCP Connection(2)-127.0.0.1" daemon [_thread_in_native, id=22184, stack(0x000000109b400000,0x000000109b500000) (1024K)]
  0x00000185a5d424b0 JavaThread "RMI Scheduler(0)"           daemon [_thread_blocked, id=23396, stack(0x000000109b500000,0x000000109b600000) (1024K)]
  0x00000185a5d6fed0 JavaThread "JMX server connection timeout 54" daemon [_thread_blocked, id=16728, stack(0x000000109b600000,0x000000109b700000) (1024K)]
  0x00000185a6e14da0 JavaThread "Catalina-utility-1"                [_thread_blocked, id=10012, stack(0x000000109b900000,0x000000109ba00000) (1024K)]
  0x00000185a6e17500 JavaThread "Catalina-utility-2"                [_thread_blocked, id=14836, stack(0x000000109be00000,0x000000109bf00000) (1024K)]
  0x00000185a6e16e70 JavaThread "container-0"                       [_thread_blocked, id=11580, stack(0x000000109bf00000,0x000000109c000000) (1024K)]
  0x00000185a6e15430 JavaThread "parallel-1"                 daemon [_thread_blocked, id=17032, stack(0x000000109c000000,0x000000109c100000) (1024K)]
  0x00000185a565fce0 JavaThread "C1 CompilerThread1"         daemon [_thread_blocked, id=21032, stack(0x0000001099c00000,0x0000001099d00000) (1024K)]
Total: 25

Other Threads:
  0x00000185a006cd40 VMThread "VM Thread"                           [id=12324, stack(0x0000001098d00000,0x0000001098e00000) (1024K)] _threads_hazard_ptr=0x00000185a67b23c0
  0x000001859ffbd880 WatcherThread "VM Periodic Task Thread"        [id=9676, stack(0x0000001098c00000,0x0000001098d00000) (1024K)]
  0x000001858f5cd9f0 WorkerThread "GC Thread#0"                     [id=20200, stack(0x0000001098700000,0x0000001098800000) (1024K)]
  0x00000185a5796020 WorkerThread "GC Thread#1"                     [id=12888, stack(0x000000109a300000,0x000000109a400000) (1024K)]
  0x00000185a58178c0 WorkerThread "GC Thread#2"                     [id=22092, stack(0x000000109a400000,0x000000109a500000) (1024K)]
  0x00000185a5818080 WorkerThread "GC Thread#3"                     [id=13904, stack(0x000000109a500000,0x000000109a600000) (1024K)]
  0x00000185a5818430 WorkerThread "GC Thread#4"                     [id=14464, stack(0x000000109a600000,0x000000109a700000) (1024K)]
  0x00000185a577dbf0 WorkerThread "GC Thread#5"                     [id=13620, stack(0x000000109a700000,0x000000109a800000) (1024K)]
  0x00000185a5828be0 WorkerThread "GC Thread#6"                     [id=20512, stack(0x000000109a800000,0x000000109a900000) (1024K)]
  0x00000185a57f8bb0 WorkerThread "GC Thread#7"                     [id=21008, stack(0x000000109a900000,0x000000109aa00000) (1024K)]
  0x00000185a5808560 WorkerThread "GC Thread#8"                     [id=7228, stack(0x000000109aa00000,0x000000109ab00000) (1024K)]
  0x00000185a5808910 WorkerThread "GC Thread#9"                     [id=2452, stack(0x000000109ab00000,0x000000109ac00000) (1024K)]
  0x00000185a5972440 WorkerThread "GC Thread#10"                    [id=23412, stack(0x000000109ad00000,0x000000109ae00000) (1024K)]
  0x00000185a59727f0 WorkerThread "GC Thread#11"                    [id=14256, stack(0x000000109ae00000,0x000000109af00000) (1024K)]
  0x00000185a5970ac0 WorkerThread "GC Thread#12"                    [id=23472, stack(0x000000109b200000,0x000000109b300000) (1024K)]
  0x00000185a5970e70 WorkerThread "GC Thread#13"                    [id=1624, stack(0x000000109b700000,0x000000109b800000) (1024K)]
  0x00000185a596fc00 WorkerThread "GC Thread#14"                    [id=20224, stack(0x000000109b800000,0x000000109b900000) (1024K)]
  0x000001858f5dc470 ConcurrentGCThread "G1 Main Marker"            [id=12924, stack(0x0000001098800000,0x0000001098900000) (1024K)]
  0x000001858f5debf0 WorkerThread "G1 Conc#0"                       [id=22080, stack(0x0000001098900000,0x0000001098a00000) (1024K)]
  0x00000185a57978e0 WorkerThread "G1 Conc#1"                       [id=24028, stack(0x000000109af00000,0x000000109b000000) (1024K)]
  0x00000185a596f850 WorkerThread "G1 Conc#2"                       [id=21744, stack(0x000000109b000000,0x000000109b100000) (1024K)]
  0x00000185a5970360 WorkerThread "G1 Conc#3"                       [id=21264, stack(0x000000109b100000,0x000000109b200000) (1024K)]
  0x000001859fe8cad0 ConcurrentGCThread "G1 Refine#0"               [id=19032, stack(0x0000001098a00000,0x0000001098b00000) (1024K)]
  0x000001859fe8d460 ConcurrentGCThread "G1 Service"                [id=9516, stack(0x0000001098b00000,0x0000001098c00000) (1024K)]
Total: 24

Threads with active compile tasks:
Total: 0

VM state: synchronizing (normal execution)

VM Mutex/Monitor currently owned by a thread:  ([mutex/lock_event])
[0x00007ffd63d5ffa8] Threads_lock - owner thread: 0x00000185a006cd40

Heap address: 0x0000000724800000, size: 3512 MB, Compressed Oops mode: Zero based, Oop shift amount: 3

CDS archive(s) not mapped
Compressed class space mapped at: 0x0000000089000000-0x00000000c9000000, reserved size: 1073741824
Narrow klass base: 0x0000000000000000, Narrow klass shift: 0, Narrow klass range: 0xc9000000

GC Precious Log:
 CardTable entry size: 512
 Card Set container configuration: InlinePtr #cards 4 size 8 Array Of Cards #cards 16 size 48 Howl #buckets 8 coarsen threshold 3686 Howl Bitmap #cards 512 size 80 coarsen threshold 460 Card regions per heap region 1 cards per card region 4096
 CPUs: 20 total, 20 available
 Memory: 14043M
 Large Page Support: Disabled
 NUMA Support: Disabled
 Compressed Oops: Enabled (Zero based)
 Heap Region Size: 2M
 Heap Min Capacity: 8M
 Heap Initial Capacity: 220M
 Heap Max Capacity: 3512M
 Pre-touch: Disabled
 Parallel Workers: 15
 Concurrent Workers: 4
 Concurrent Refinement Workers: 15
 Periodic GC: Disabled

Heap:
 garbage-first heap   total reserved 3596288K, committed 137216K, used 89210K [0x0000000724800000, 0x0000000800000000)
  region size 2048K, 40 young (81920K), 3 survivors (6144K)
 Metaspace       used 45817K, committed 46400K, reserved 1114112K
  class space    used 5953K, committed 6208K, reserved 1048576K

Heap Regions: E=young(eden), S=young(survivor), O=old, HS=humongous(starts), HC=humongous(continues), CS=collection set, F=free, TAMS=top-at-mark-start, PB=parsable bottom
|   0|0x0000000724800000, 0x0000000724a00000, 0x0000000724a00000|100%| O|  |TAMS 0x0000000724800000| PB 0x0000000724800000| Untracked |  0
|   1|0x0000000724a00000, 0x0000000724c00000, 0x0000000724c00000|100%| O|  |TAMS 0x0000000724a00000| PB 0x0000000724a00000| Untracked |  0
|   2|0x0000000724c00000, 0x0000000724c00000, 0x0000000724e00000|  0%| F|  |TAMS 0x0000000724c00000| PB 0x0000000724c00000| Untracked |  0
|   3|0x0000000724e00000, 0x0000000725000000, 0x0000000725000000|100%| O|  |TAMS 0x0000000724e00000| PB 0x0000000724e00000| Untracked |  0
|   4|0x0000000725000000, 0x0000000725200000, 0x0000000725200000|100%| O|  |TAMS 0x0000000725000000| PB 0x0000000725000000| Untracked |  0
|   5|0x0000000725200000, 0x000000072538a820, 0x0000000725400000| 77%| O|  |TAMS 0x0000000725200000| PB 0x0000000725200000| Untracked |  0
|   6|0x0000000725400000, 0x0000000725400000, 0x0000000725600000|  0%| F|  |TAMS 0x0000000725400000| PB 0x0000000725400000| Untracked |  0
|   7|0x0000000725600000, 0x0000000725600000, 0x0000000725800000|  0%| F|  |TAMS 0x0000000725600000| PB 0x0000000725600000| Untracked |  0
|   8|0x0000000725800000, 0x0000000725800000, 0x0000000725a00000|  0%| F|  |TAMS 0x0000000725800000| PB 0x0000000725800000| Untracked |  0
|   9|0x0000000725a00000, 0x0000000725a00000, 0x0000000725c00000|  0%| F|  |TAMS 0x0000000725a00000| PB 0x0000000725a00000| Untracked |  0
|  10|0x0000000725c00000, 0x0000000725c00000, 0x0000000725e00000|  0%| F|  |TAMS 0x0000000725c00000| PB 0x0000000725c00000| Untracked |  0
|  11|0x0000000725e00000, 0x0000000725e00000, 0x0000000726000000|  0%| F|  |TAMS 0x0000000725e00000| PB 0x0000000725e00000| Untracked |  0
|  12|0x0000000726000000, 0x0000000726000000, 0x0000000726200000|  0%| F|  |TAMS 0x0000000726000000| PB 0x0000000726000000| Untracked |  0
|  13|0x0000000726200000, 0x0000000726200000, 0x0000000726400000|  0%| F|  |TAMS 0x0000000726200000| PB 0x0000000726200000| Untracked |  0
|  14|0x0000000726400000, 0x0000000726400000, 0x0000000726600000|  0%| F|  |TAMS 0x0000000726400000| PB 0x0000000726400000| Untracked |  0
|  15|0x0000000726600000, 0x0000000726600000, 0x0000000726800000|  0%| F|  |TAMS 0x0000000726600000| PB 0x0000000726600000| Untracked |  0
|  16|0x0000000726800000, 0x0000000726800000, 0x0000000726a00000|  0%| F|  |TAMS 0x0000000726800000| PB 0x0000000726800000| Untracked |  0
|  17|0x0000000726a00000, 0x0000000726a00000, 0x0000000726c00000|  0%| F|  |TAMS 0x0000000726a00000| PB 0x0000000726a00000| Untracked |  0
|  18|0x0000000726c00000, 0x0000000726c00000, 0x0000000726e00000|  0%| F|  |TAMS 0x0000000726c00000| PB 0x0000000726c00000| Untracked |  0
|  19|0x0000000726e00000, 0x0000000726e00000, 0x0000000727000000|  0%| F|  |TAMS 0x0000000726e00000| PB 0x0000000726e00000| Untracked |  0
|  20|0x0000000727000000, 0x0000000727000000, 0x0000000727200000|  0%| F|  |TAMS 0x0000000727000000| PB 0x0000000727000000| Untracked |  0
|  21|0x0000000727200000, 0x0000000727200000, 0x0000000727400000|  0%| F|  |TAMS 0x0000000727200000| PB 0x0000000727200000| Untracked |  0
|  22|0x0000000727400000, 0x0000000727400000, 0x0000000727600000|  0%| F|  |TAMS 0x0000000727400000| PB 0x0000000727400000| Untracked |  0
|  23|0x0000000727600000, 0x0000000727600000, 0x0000000727800000|  0%| F|  |TAMS 0x0000000727600000| PB 0x0000000727600000| Untracked |  0
|  24|0x0000000727800000, 0x0000000727800000, 0x0000000727a00000|  0%| F|  |TAMS 0x0000000727800000| PB 0x0000000727800000| Untracked |  0
|  25|0x0000000727a00000, 0x0000000727a00000, 0x0000000727c00000|  0%| F|  |TAMS 0x0000000727a00000| PB 0x0000000727a00000| Untracked |  0
|  26|0x0000000727c00000, 0x0000000727d943d0, 0x0000000727e00000| 78%| S|CS|TAMS 0x0000000727c00000| PB 0x0000000727c00000| Complete |  0
|  27|0x0000000727e00000, 0x0000000728000000, 0x0000000728000000|100%| S|CS|TAMS 0x0000000727e00000| PB 0x0000000727e00000| Complete |  0
|  28|0x0000000728000000, 0x0000000728200000, 0x0000000728200000|100%| S|CS|TAMS 0x0000000728000000| PB 0x0000000728000000| Complete |  0
|  29|0x0000000728200000, 0x0000000728200000, 0x0000000728400000|  0%| F|  |TAMS 0x0000000728200000| PB 0x0000000728200000| Untracked |  0
|  30|0x0000000728400000, 0x0000000728597148, 0x0000000728600000| 79%| E|  |TAMS 0x0000000728400000| PB 0x0000000728400000| Complete |  0
|  31|0x0000000728600000, 0x0000000728800000, 0x0000000728800000|100%| E|CS|TAMS 0x0000000728600000| PB 0x0000000728600000| Complete |  0
|  32|0x0000000728800000, 0x0000000728a00000, 0x0000000728a00000|100%| E|CS|TAMS 0x0000000728800000| PB 0x0000000728800000| Complete |  0
|  33|0x0000000728a00000, 0x0000000728c00000, 0x0000000728c00000|100%| E|CS|TAMS 0x0000000728a00000| PB 0x0000000728a00000| Complete |  0
|  34|0x0000000728c00000, 0x0000000728e00000, 0x0000000728e00000|100%| E|CS|TAMS 0x0000000728c00000| PB 0x0000000728c00000| Complete |  0
|  35|0x0000000728e00000, 0x0000000729000000, 0x0000000729000000|100%| E|CS|TAMS 0x0000000728e00000| PB 0x0000000728e00000| Complete |  0
|  36|0x0000000729000000, 0x0000000729200000, 0x0000000729200000|100%| E|CS|TAMS 0x0000000729000000| PB 0x0000000729000000| Complete |  0
|  37|0x0000000729200000, 0x0000000729400000, 0x0000000729400000|100%| E|CS|TAMS 0x0000000729200000| PB 0x0000000729200000| Complete |  0
|  38|0x0000000729400000, 0x0000000729600000, 0x0000000729600000|100%| E|CS|TAMS 0x0000000729400000| PB 0x0000000729400000| Complete |  0
|  39|0x0000000729600000, 0x0000000729800000, 0x0000000729800000|100%| E|CS|TAMS 0x0000000729600000| PB 0x0000000729600000| Complete |  0
|  40|0x0000000729800000, 0x0000000729a00000, 0x0000000729a00000|100%| E|CS|TAMS 0x0000000729800000| PB 0x0000000729800000| Complete |  0
|  41|0x0000000729a00000, 0x0000000729c00000, 0x0000000729c00000|100%| E|CS|TAMS 0x0000000729a00000| PB 0x0000000729a00000| Complete |  0
|  42|0x0000000729c00000, 0x0000000729e00000, 0x0000000729e00000|100%| E|CS|TAMS 0x0000000729c00000| PB 0x0000000729c00000| Complete |  0
|  43|0x0000000729e00000, 0x000000072a000000, 0x000000072a000000|100%| E|CS|TAMS 0x0000000729e00000| PB 0x0000000729e00000| Complete |  0
|  44|0x000000072a000000, 0x000000072a200000, 0x000000072a200000|100%| E|CS|TAMS 0x000000072a000000| PB 0x000000072a000000| Complete |  0
|  45|0x000000072a200000, 0x000000072a400000, 0x000000072a400000|100%| E|CS|TAMS 0x000000072a200000| PB 0x000000072a200000| Complete |  0
|  46|0x000000072a400000, 0x000000072a600000, 0x000000072a600000|100%| E|CS|TAMS 0x000000072a400000| PB 0x000000072a400000| Complete |  0
|  47|0x000000072a600000, 0x000000072a800000, 0x000000072a800000|100%| E|CS|TAMS 0x000000072a600000| PB 0x000000072a600000| Complete |  0
|  48|0x000000072a800000, 0x000000072aa00000, 0x000000072aa00000|100%| E|CS|TAMS 0x000000072a800000| PB 0x000000072a800000| Complete |  0
|  49|0x000000072aa00000, 0x000000072ac00000, 0x000000072ac00000|100%| E|CS|TAMS 0x000000072aa00000| PB 0x000000072aa00000| Complete |  0
|  50|0x000000072ac00000, 0x000000072ae00000, 0x000000072ae00000|100%| E|CS|TAMS 0x000000072ac00000| PB 0x000000072ac00000| Complete |  0
|  51|0x000000072ae00000, 0x000000072b000000, 0x000000072b000000|100%| E|CS|TAMS 0x000000072ae00000| PB 0x000000072ae00000| Complete |  0
|  52|0x000000072b000000, 0x000000072b200000, 0x000000072b200000|100%| E|CS|TAMS 0x000000072b000000| PB 0x000000072b000000| Complete |  0
|  53|0x000000072b200000, 0x000000072b400000, 0x000000072b400000|100%| E|CS|TAMS 0x000000072b200000| PB 0x000000072b200000| Complete |  0
|  54|0x000000072b400000, 0x000000072b600000, 0x000000072b600000|100%| E|CS|TAMS 0x000000072b400000| PB 0x000000072b400000| Complete |  0
|  55|0x000000072b600000, 0x000000072b800000, 0x000000072b800000|100%| E|CS|TAMS 0x000000072b600000| PB 0x000000072b600000| Complete |  0
|  56|0x000000072b800000, 0x000000072ba00000, 0x000000072ba00000|100%| E|CS|TAMS 0x000000072b800000| PB 0x000000072b800000| Complete |  0
|  57|0x000000072ba00000, 0x000000072bc00000, 0x000000072bc00000|100%| E|CS|TAMS 0x000000072ba00000| PB 0x000000072ba00000| Complete |  0
|  58|0x000000072bc00000, 0x000000072be00000, 0x000000072be00000|100%| E|CS|TAMS 0x000000072bc00000| PB 0x000000072bc00000| Complete |  0
|  59|0x000000072be00000, 0x000000072c000000, 0x000000072c000000|100%| E|CS|TAMS 0x000000072be00000| PB 0x000000072be00000| Complete |  0
|  60|0x000000072c000000, 0x000000072c200000, 0x000000072c200000|100%| E|CS|TAMS 0x000000072c000000| PB 0x000000072c000000| Complete |  0
|  61|0x000000072c200000, 0x000000072c400000, 0x000000072c400000|100%| E|CS|TAMS 0x000000072c200000| PB 0x000000072c200000| Complete |  0
|  62|0x000000072c400000, 0x000000072c600000, 0x000000072c600000|100%| E|CS|TAMS 0x000000072c400000| PB 0x000000072c400000| Complete |  0
|  63|0x000000072c600000, 0x000000072c800000, 0x000000072c800000|100%| E|CS|TAMS 0x000000072c600000| PB 0x000000072c600000| Complete |  0
|  64|0x000000072c800000, 0x000000072ca00000, 0x000000072ca00000|100%| E|CS|TAMS 0x000000072c800000| PB 0x000000072c800000| Complete |  0
|  65|0x000000072ca00000, 0x000000072cc00000, 0x000000072cc00000|100%| E|CS|TAMS 0x000000072ca00000| PB 0x000000072ca00000| Complete |  0
| 109|0x0000000732200000, 0x0000000732400000, 0x0000000732400000|100%| E|CS|TAMS 0x0000000732200000| PB 0x0000000732200000| Complete |  0

Card table byte_map: [0x0000018598f70000,0x0000018599650000] _byte_map_base: 0x000001859564c000

Marking Bits: (CMBitMap*) 0x000001858f5ce010
 Bits: [0x0000018599650000, 0x000001859cd30000)

Polling page: 0x0000018594810000

Metaspace:

Usage:
  Non-class:     38.93 MB used.
      Class:      5.81 MB used.
       Both:     44.74 MB used.

Virtual space:
  Non-class space:       64.00 MB reserved,      39.25 MB ( 61%) committed,  1 nodes.
      Class space:        1.00 GB reserved,       6.06 MB ( <1%) committed,  1 nodes.
             Both:        1.06 GB reserved,      45.31 MB (  4%) committed. 

Chunk freelists:
   Non-Class:  7.84 MB
       Class:  9.89 MB
        Both:  17.72 MB

MaxMetaspaceSize: unlimited
CompressedClassSpaceSize: 1.00 GB
Initial GC threshold: 21.00 MB
Current GC threshold: 46.50 MB
CDS: off
 - commit_granule_bytes: 65536.
 - commit_granule_words: 8192.
 - virtual_space_node_default_size: 8388608.
 - enlarge_chunks_in_place: 1.
 - use_allocation_guard: 0.


Internal statistics:

num_allocs_failed_limit: 3.
num_arena_births: 722.
num_arena_deaths: 0.
num_vsnodes_births: 2.
num_vsnodes_deaths: 0.
num_space_committed: 725.
num_space_uncommitted: 0.
num_chunks_returned_to_freelist: 3.
num_chunks_taken_from_freelist: 1956.
num_chunk_merges: 3.
num_chunk_splits: 1346.
num_chunks_enlarged: 983.
num_inconsistent_stats: 0.

CodeCache: size=49152Kb used=9122Kb max_used=14486Kb free=40029Kb
 bounds [0x0000018594830000, 0x0000018595660000, 0x0000018597830000]
 total_blobs=4876 nmethods=4306 adapters=493
 compilation: enabled
              stopped_count=0, restarted_count=0
 full_count=0

Compilation events (20 events):
Event: 44.356 Thread 0x00000185a0112380 nmethod 4317 0x0000018594cbcc10 code [0x0000018594cbce40, 0x0000018594cbd268]
Event: 44.356 Thread 0x00000185a0112380 4322       1       java.lang.invoke.DirectMethodHandle$Holder::invokeStatic (19 bytes)
Event: 44.356 Thread 0x00000185a565fce0 nmethod 4321 0x0000018594cbc790 code [0x0000018594cbc940, 0x0000018594cbcab8]
Event: 44.356 Thread 0x00000185a0112380 nmethod 4322 0x0000018594cbc390 code [0x0000018594cbc540, 0x0000018594cbc680]
Event: 44.356 Thread 0x00000185a565fce0 4323       1       com.sun.jmx.remote.util.ClassLogger::trace (14 bytes)
Event: 44.356 Thread 0x00000185a0112380 4324   !   1       jdk.internal.misc.ScopedMemoryAccess::copyMemory (27 bytes)
Event: 44.356 Thread 0x00000185a565fce0 nmethod 4323 0x0000018594cbc010 code [0x0000018594cbc1a0, 0x0000018594cbc2b8]
Event: 44.357 Thread 0x00000185a565fce0 4325   !   1       jdk.internal.misc.ScopedMemoryAccess::copyMemoryInternal (56 bytes)
Event: 44.357 Thread 0x00000185a0112380 nmethod 4324 0x0000018594cbb990 code [0x0000018594cbbb60, 0x0000018594cbbdc8]
Event: 44.359 Thread 0x00000185a565fce0 nmethod 4325 0x0000018594cba790 code [0x0000018594cbaa00, 0x0000018594cbb258]
Event: 44.853 Thread 0x00000185a0112380 4327       1       java.io.ObjectInputFilter$Config$Global::lambda$new$1 (18 bytes)
Event: 44.853 Thread 0x00000185a565fce0 4326       1       java.io.ObjectInputFilter$Config$Global$$Lambda/0x000000008916a948::apply (12 bytes)
Event: 44.854 Thread 0x00000185a0112380 nmethod 4327 0x0000018594cba390 code [0x0000018594cba540, 0x0000018594cba668]
Event: 44.854 Thread 0x00000185a565fce0 nmethod 4326 0x0000018594cb9f10 code [0x0000018594cba0c0, 0x0000018594cba248]
Event: 44.854 Thread 0x00000185a0112380 4328       1       java.io.ObjectInputFilter$Config$Global::matchesPackage (9 bytes)
Event: 44.854 Thread 0x00000185a565fce0 4329       1       java.io.ObjectInputFilter$Config$Global$$Lambda/0x000000008916a4c8::apply (12 bytes)
Event: 44.855 Thread 0x00000185a0112380 nmethod 4328 0x0000018594cb9b10 code [0x0000018594cb9cc0, 0x0000018594cb9dd0]
Event: 44.855 Thread 0x00000185a0112380 4330       1       java.io.ObjectInputFilter$Config$Global::lambda$new$7 (21 bytes)
Event: 44.856 Thread 0x00000185a565fce0 nmethod 4329 0x0000018594cb9690 code [0x0000018594cb9840, 0x0000018594cb99d0]
Event: 44.856 Thread 0x00000185a0112380 nmethod 4330 0x0000018594cb9290 code [0x0000018594cb9440, 0x0000018594cb9570]

GC Heap History (20 events):
Event: 0.417 GC heap before
{Heap before GC invocations=1 (full 0):
 garbage-first heap   total reserved 3596288K, committed 225280K, used 14051K [0x0000000724800000, 0x0000000800000000)
  region size 2048K, 7 young (14336K), 2 survivors (4096K)
 Metaspace       used 16828K, committed 17024K, reserved 1114112K
  class space    used 1666K, committed 1792K, reserved 1048576K
}
Event: 0.420 GC heap after
{Heap after GC invocations=2 (full 0):
 garbage-first heap   total reserved 3596288K, committed 225280K, used 6351K [0x0000000724800000, 0x0000000800000000)
  region size 2048K, 1 young (2048K), 1 survivors (2048K)
 Metaspace       used 16828K, committed 17024K, reserved 1114112K
  class space    used 1666K, committed 1792K, reserved 1048576K
}
Event: 0.522 GC heap before
{Heap before GC invocations=3 (full 0):
 garbage-first heap   total reserved 3596288K, committed 28672K, used 26831K [0x0000000724800000, 0x0000000800000000)
  region size 2048K, 11 young (22528K), 1 survivors (2048K)
 Metaspace       used 18740K, committed 19008K, reserved 1114112K
  class space    used 1938K, committed 2048K, reserved 1048576K
}
Event: 0.524 GC heap after
{Heap after GC invocations=4 (full 0):
 garbage-first heap   total reserved 3596288K, committed 30720K, used 7139K [0x0000000724800000, 0x0000000800000000)
  region size 2048K, 1 young (2048K), 1 survivors (2048K)
 Metaspace       used 18740K, committed 19008K, reserved 1114112K
  class space    used 1938K, committed 2048K, reserved 1048576K
}
Event: 0.570 GC heap before
{Heap before GC invocations=4 (full 0):
 garbage-first heap   total reserved 3596288K, committed 30720K, used 23523K [0x0000000724800000, 0x0000000800000000)
  region size 2048K, 9 young (18432K), 1 survivors (2048K)
 Metaspace       used 20274K, committed 20608K, reserved 1114112K
  class space    used 2161K, committed 2304K, reserved 1048576K
}
Event: 0.572 GC heap after
{Heap after GC invocations=5 (full 0):
 garbage-first heap   total reserved 3596288K, committed 30720K, used 7665K [0x0000000724800000, 0x0000000800000000)
  region size 2048K, 1 young (2048K), 1 survivors (2048K)
 Metaspace       used 20274K, committed 20608K, reserved 1114112K
  class space    used 2161K, committed 2304K, reserved 1048576K
}
Event: 0.668 GC heap before
{Heap before GC invocations=5 (full 0):
 garbage-first heap   total reserved 3596288K, committed 30720K, used 22001K [0x0000000724800000, 0x0000000800000000)
  region size 2048K, 9 young (18432K), 1 survivors (2048K)
 Metaspace       used 21581K, committed 21952K, reserved 1114112K
  class space    used 2385K, committed 2560K, reserved 1048576K
}
Event: 0.671 GC heap after
{Heap after GC invocations=6 (full 0):
 garbage-first heap   total reserved 3596288K, committed 30720K, used 8537K [0x0000000724800000, 0x0000000800000000)
  region size 2048K, 2 young (4096K), 2 survivors (4096K)
 Metaspace       used 21581K, committed 21952K, reserved 1114112K
  class space    used 2385K, committed 2560K, reserved 1048576K
}
Event: 0.724 GC heap before
{Heap before GC invocations=6 (full 0):
 garbage-first heap   total reserved 3596288K, committed 30720K, used 20825K [0x0000000724800000, 0x0000000800000000)
  region size 2048K, 9 young (18432K), 2 survivors (4096K)
 Metaspace       used 23080K, committed 23424K, reserved 1114112K
  class space    used 2619K, committed 2752K, reserved 1048576K
}
Event: 0.726 GC heap after
{Heap after GC invocations=7 (full 0):
 garbage-first heap   total reserved 3596288K, committed 129024K, used 8844K [0x0000000724800000, 0x0000000800000000)
  region size 2048K, 1 young (2048K), 1 survivors (2048K)
 Metaspace       used 23080K, committed 23424K, reserved 1114112K
  class space    used 2619K, committed 2752K, reserved 1048576K
}
Event: 0.855 GC heap before
{Heap before GC invocations=7 (full 0):
 garbage-first heap   total reserved 3596288K, committed 129024K, used 64140K [0x0000000724800000, 0x0000000800000000)
  region size 2048K, 30 young (61440K), 1 survivors (2048K)
 Metaspace       used 28052K, committed 28416K, reserved 1114112K
  class space    used 3360K, committed 3520K, reserved 1048576K
}
Event: 0.857 GC heap after
{Heap after GC invocations=8 (full 0):
 garbage-first heap   total reserved 3596288K, committed 129024K, used 10200K [0x0000000724800000, 0x0000000800000000)
  region size 2048K, 2 young (4096K), 2 survivors (4096K)
 Metaspace       used 28052K, committed 28416K, reserved 1114112K
  class space    used 3360K, committed 3520K, reserved 1048576K
}
Event: 0.918 GC heap before
{Heap before GC invocations=9 (full 0):
 garbage-first heap   total reserved 3596288K, committed 40960K, used 36824K [0x0000000724800000, 0x0000000800000000)
  region size 2048K, 16 young (32768K), 2 survivors (4096K)
 Metaspace       used 30394K, committed 30784K, reserved 1114112K
  class space    used 3597K, committed 3776K, reserved 1048576K
}
Event: 0.920 GC heap after
{Heap after GC invocations=10 (full 0):
 garbage-first heap   total reserved 3596288K, committed 47104K, used 11548K [0x0000000724800000, 0x0000000800000000)
  region size 2048K, 3 young (6144K), 3 survivors (6144K)
 Metaspace       used 30394K, committed 30784K, reserved 1114112K
  class space    used 3597K, committed 3776K, reserved 1048576K
}
Event: 0.947 GC heap before
{Heap before GC invocations=10 (full 0):
 garbage-first heap   total reserved 3596288K, committed 47104K, used 32028K [0x0000000724800000, 0x0000000800000000)
  region size 2048K, 13 young (26624K), 3 survivors (6144K)
 Metaspace       used 31980K, committed 32384K, reserved 1114112K
  class space    used 3773K, committed 3968K, reserved 1048576K
}
Event: 0.949 GC heap after
{Heap after GC invocations=11 (full 0):
 garbage-first heap   total reserved 3596288K, committed 47104K, used 11818K [0x0000000724800000, 0x0000000800000000)
  region size 2048K, 1 young (2048K), 1 survivors (2048K)
 Metaspace       used 31980K, committed 32384K, reserved 1114112K
  class space    used 3773K, committed 3968K, reserved 1048576K
}
Event: 1.002 GC heap before
{Heap before GC invocations=11 (full 0):
 garbage-first heap   total reserved 3596288K, committed 47104K, used 36394K [0x0000000724800000, 0x0000000800000000)
  region size 2048K, 13 young (26624K), 1 survivors (2048K)
 Metaspace       used 33542K, committed 33920K, reserved 1114112K
  class space    used 4014K, committed 4160K, reserved 1048576K
}
Event: 1.004 GC heap after
{Heap after GC invocations=12 (full 0):
 garbage-first heap   total reserved 3596288K, committed 137216K, used 12612K [0x0000000724800000, 0x0000000800000000)
  region size 2048K, 2 young (4096K), 2 survivors (4096K)
 Metaspace       used 33542K, committed 33920K, reserved 1114112K
  class space    used 4014K, committed 4160K, reserved 1048576K
}
Event: 1.371 GC heap before
{Heap before GC invocations=12 (full 0):
 garbage-first heap   total reserved 3596288K, committed 137216K, used 88388K [0x0000000724800000, 0x0000000800000000)
  region size 2048K, 40 young (81920K), 2 survivors (4096K)
 Metaspace       used 39321K, committed 39872K, reserved 1114112K
  class space    used 4952K, committed 5184K, reserved 1048576K
}
Event: 1.376 GC heap after
{Heap after GC invocations=13 (full 0):
 garbage-first heap   total reserved 3596288K, committed 137216K, used 15482K [0x0000000724800000, 0x0000000800000000)
  region size 2048K, 3 young (6144K), 3 survivors (6144K)
 Metaspace       used 39321K, committed 39872K, reserved 1114112K
  class space    used 4952K, committed 5184K, reserved 1048576K
}

Dll operation events (12 events):
Event: 0.006 Loaded shared library C:\Users\Ojitos\.p2\pool\plugins\org.eclipse.justj.openjdk.hotspot.jre.full.win32.x86_64_22.0.1.v20240426-1149\jre\bin\java.dll
Event: 0.009 Loaded shared library C:\Users\Ojitos\.p2\pool\plugins\org.eclipse.justj.openjdk.hotspot.jre.full.win32.x86_64_22.0.1.v20240426-1149\jre\bin\zip.dll
Event: 0.104 Loaded shared library C:\Users\Ojitos\.p2\pool\plugins\org.eclipse.justj.openjdk.hotspot.jre.full.win32.x86_64_22.0.1.v20240426-1149\jre\bin\instrument.dll
Event: 0.110 Loaded shared library C:\Users\Ojitos\.p2\pool\plugins\org.eclipse.justj.openjdk.hotspot.jre.full.win32.x86_64_22.0.1.v20240426-1149\jre\bin\net.dll
Event: 0.111 Loaded shared library C:\Users\Ojitos\.p2\pool\plugins\org.eclipse.justj.openjdk.hotspot.jre.full.win32.x86_64_22.0.1.v20240426-1149\jre\bin\nio.dll
Event: 0.115 Loaded shared library C:\Users\Ojitos\.p2\pool\plugins\org.eclipse.justj.openjdk.hotspot.jre.full.win32.x86_64_22.0.1.v20240426-1149\jre\bin\zip.dll
Event: 0.185 Loaded shared library C:\Users\Ojitos\.p2\pool\plugins\org.eclipse.justj.openjdk.hotspot.jre.full.win32.x86_64_22.0.1.v20240426-1149\jre\bin\jimage.dll
Event: 0.211 Loaded shared library C:\Users\Ojitos\.p2\pool\plugins\org.eclipse.justj.openjdk.hotspot.jre.full.win32.x86_64_22.0.1.v20240426-1149\jre\bin\management.dll
Event: 0.216 Loaded shared library C:\Users\Ojitos\.p2\pool\plugins\org.eclipse.justj.openjdk.hotspot.jre.full.win32.x86_64_22.0.1.v20240426-1149\jre\bin\management_ext.dll
Event: 0.332 Loaded shared library C:\Users\Ojitos\.p2\pool\plugins\org.eclipse.justj.openjdk.hotspot.jre.full.win32.x86_64_22.0.1.v20240426-1149\jre\bin\extnet.dll
Event: 0.342 Loaded shared library C:\Users\Ojitos\.p2\pool\plugins\org.eclipse.justj.openjdk.hotspot.jre.full.win32.x86_64_22.0.1.v20240426-1149\jre\bin\verify.dll
Event: 1.028 Loaded shared library C:\Users\Ojitos\.p2\pool\plugins\org.eclipse.justj.openjdk.hotspot.jre.full.win32.x86_64_22.0.1.v20240426-1149\jre\bin\sunmscapi.dll

Deoptimization events (20 events):
Event: 1.685 Thread 0x000001858f37d7a0 DEOPT PACKING pc=0x00000185954394b4 sp=0x00000010986fbd50
Event: 1.685 Thread 0x000001858f37d7a0 DEOPT UNPACKING pc=0x0000018594884e42 sp=0x00000010986fb380 mode 1
Event: 1.694 Thread 0x000001858f37d7a0 DEOPT PACKING pc=0x0000018594fb0c49 sp=0x00000010986fb130
Event: 1.694 Thread 0x000001858f37d7a0 DEOPT UNPACKING pc=0x0000018594884e42 sp=0x00000010986fa588 mode 1
Event: 1.694 Thread 0x000001858f37d7a0 DEOPT PACKING pc=0x0000018594f9598c sp=0x00000010986fb1c0
Event: 1.694 Thread 0x000001858f37d7a0 DEOPT UNPACKING pc=0x0000018594884e42 sp=0x00000010986fa668 mode 1
Event: 1.694 Thread 0x000001858f37d7a0 DEOPT PACKING pc=0x0000018594f5d774 sp=0x00000010986fbb80
Event: 1.694 Thread 0x000001858f37d7a0 DEOPT UNPACKING pc=0x0000018594884e42 sp=0x00000010986fb048 mode 1
Event: 1.694 Thread 0x000001858f37d7a0 DEOPT PACKING pc=0x00000185954394b4 sp=0x00000010986fbc10
Event: 1.694 Thread 0x000001858f37d7a0 DEOPT UNPACKING pc=0x0000018594884e42 sp=0x00000010986fb240 mode 1
Event: 1.711 Thread 0x000001858f37d7a0 DEOPT PACKING pc=0x0000018594fb0c49 sp=0x00000010986fba00
Event: 1.711 Thread 0x000001858f37d7a0 DEOPT UNPACKING pc=0x0000018594884e42 sp=0x00000010986fae58 mode 1
Event: 1.711 Thread 0x000001858f37d7a0 DEOPT PACKING pc=0x0000018594f9598c sp=0x00000010986fba90
Event: 1.711 Thread 0x000001858f37d7a0 DEOPT UNPACKING pc=0x0000018594884e42 sp=0x00000010986faf38 mode 1
Event: 1.711 Thread 0x000001858f37d7a0 DEOPT PACKING pc=0x0000018594f5d774 sp=0x00000010986fc450
Event: 1.711 Thread 0x000001858f37d7a0 DEOPT UNPACKING pc=0x0000018594884e42 sp=0x00000010986fb918 mode 1
Event: 1.711 Thread 0x000001858f37d7a0 DEOPT PACKING pc=0x00000185954394b4 sp=0x00000010986fc4e0
Event: 1.711 Thread 0x000001858f37d7a0 DEOPT UNPACKING pc=0x0000018594884e42 sp=0x00000010986fbb10 mode 1
Event: 48.613 Thread 0x000001858f37d7a0 DEOPT PACKING pc=0x000001859500e304 sp=0x00000010986fd9b0
Event: 48.613 Thread 0x000001858f37d7a0 DEOPT UNPACKING pc=0x0000018594884e42 sp=0x00000010986fce68 mode 0

Classes loaded (20 events):
Event: 1.668 Loading class java/util/concurrent/CompletableFuture$AsynchronousCompletionTask done
Event: 1.668 Loading class java/util/concurrent/CompletableFuture$Completion done
Event: 1.685 Loading class java/lang/Package$1PackageInfoProxy
Event: 1.685 Loading class java/lang/Package$1PackageInfoProxy done
Event: 1.690 Loading class java/util/stream/ReduceOps$5
Event: 1.690 Loading class java/util/stream/ReduceOps$5 done
Event: 1.691 Loading class java/util/stream/ReduceOps$CountingSink$OfRef
Event: 1.691 Loading class java/util/stream/ReduceOps$CountingSink
Event: 1.691 Loading class java/util/stream/ReduceOps$CountingSink done
Event: 1.691 Loading class java/util/stream/ReduceOps$CountingSink$OfRef done
Event: 1.699 Loading class java/lang/Character$UnicodeBlock
Event: 1.700 Loading class java/lang/Character$Subset
Event: 1.700 Loading class java/lang/Character$Subset done
Event: 1.700 Loading class java/lang/Character$UnicodeBlock done
Event: 2.083 Loading class sun/reflect/misc/MethodUtil
Event: 2.084 Loading class sun/reflect/misc/MethodUtil done
Event: 2.084 Loading class sun/reflect/misc/MethodUtil$1
Event: 2.084 Loading class sun/reflect/misc/MethodUtil$1 done
Event: 2.084 Loading class java/security/AllPermissionCollection
Event: 2.084 Loading class java/security/AllPermissionCollection done

Classes unloaded (0 events):
No events

Classes redefined (1 events):
Event: 48.621 Thread 0x00000185a006cd40 redefined class name=com.api.Scotiabank.Service.AlumnoService, count=1

Internal exceptions (20 events):
Event: 1.404 Thread 0x000001858f37d7a0 Exception <a 'java/lang/NoSuchMethodError'{0x000000072c9dcb18}: 'void java.lang.invoke.DirectMethodHandle$Holder.invokeStatic(java.lang.Object, java.lang.Object, java.lang.Object, int, java.lang.Object)'> (0x000000072c9dcb18) 
thrown [s\src\hotspot\share\interpreter\linkResolver.cpp, line 774]
Event: 1.404 Thread 0x000001858f37d7a0 Exception <a 'java/lang/NoSuchMethodError'{0x000000072c9e34f0}: 'java.lang.Object java.lang.invoke.DirectMethodHandle$Holder.newInvokeSpecial(java.lang.Object, java.lang.Object, java.lang.Object, int)'> (0x000000072c9e34f0) 
thrown [s\src\hotspot\share\interpreter\linkResolver.cpp, line 774]
Event: 1.404 Thread 0x000001858f37d7a0 Exception <a 'java/lang/NoSuchMethodError'{0x000000072c9e7430}: 'java.lang.Object java.lang.invoke.DirectMethodHandle$Holder.invokeSpecial(java.lang.Object, java.lang.Object, java.lang.Object, java.lang.Object, int)'> (0x000000072c9e7430) 
thrown [s\src\hotspot\share\interpreter\linkResolver.cpp, line 774]
Event: 1.404 Thread 0x000001858f37d7a0 Exception <a 'java/lang/NoSuchMethodError'{0x000000072c9ea8c8}: 'java.lang.Object java.lang.invoke.Invokers$Holder.linkToTargetMethod(java.lang.Object, java.lang.Object, int, java.lang.Object)'> (0x000000072c9ea8c8) 
thrown [s\src\hotspot\share\interpreter\linkResolver.cpp, line 774]
Event: 1.406 Thread 0x000001858f37d7a0 Exception <a 'java/lang/NoSuchMethodError'{0x000000072c678970}: 'void java.lang.invoke.DirectMethodHandle$Holder.invokeStatic(java.lang.Object, int, java.lang.Object)'> (0x000000072c678970) 
thrown [s\src\hotspot\share\interpreter\linkResolver.cpp, line 774]
Event: 1.463 Thread 0x000001858f37d7a0 Exception <a 'java/lang/NoSuchMethodError'{0x000000072b82c838}: 'int java.lang.invoke.DirectMethodHandle$Holder.invokeVirtual(java.lang.Object, java.lang.Object, java.lang.Object, java.lang.Object)'> (0x000000072b82c838) 
thrown [s\src\hotspot\share\interpreter\linkResolver.cpp, line 774]
Event: 1.463 Thread 0x000001858f37d7a0 Exception <a 'java/lang/NoSuchMethodError'{0x000000072b8300f8}: 'int java.lang.invoke.DelegatingMethodHandle$Holder.reinvoke_L(java.lang.Object, java.lang.Object, java.lang.Object, java.lang.Object)'> (0x000000072b8300f8) 
thrown [s\src\hotspot\share\interpreter\linkResolver.cpp, line 774]
Event: 1.503 Thread 0x000001858f37d7a0 Exception <a 'java/lang/NoSuchMethodError'{0x000000072b19b3a0}: 'long java.lang.invoke.DirectMethodHandle$Holder.invokeVirtual(java.lang.Object, java.lang.Object)'> (0x000000072b19b3a0) 
thrown [s\src\hotspot\share\interpreter\linkResolver.cpp, line 774]
Event: 1.515 Thread 0x000001858f37d7a0 Exception <a 'java/lang/NoSuchMethodError'{0x000000072af7aba8}: 'void java.lang.invoke.Invokers$Holder.invokeExact_MT(java.lang.Object, java.lang.Object, java.lang.Object, java.lang.Object)'> (0x000000072af7aba8) 
thrown [s\src\hotspot\share\interpreter\linkResolver.cpp, line 774]
Event: 1.532 Thread 0x000001858f37d7a0 Exception <a 'java/lang/NoSuchMethodError'{0x000000072ad88068}: 'java.lang.Object java.lang.invoke.DirectMethodHandle$Holder.invokeVirtual(java.lang.Object, java.lang.Object, java.lang.Object, java.lang.Object, java.lang.Object, java.lang.Object, java.lang.Object)'> (0x000000072ad88068) 
thrown [s\src\hotspot\share\interpreter\linkResolver.cpp, line 774]
Event: 1.536 Thread 0x000001858f37d7a0 Exception <a 'java/lang/NoSuchMethodError'{0x000000072aa26060}: 'java.lang.Object java.lang.invoke.DirectMethodHandle$Holder.newInvokeSpecial(java.lang.Object, java.lang.Object, int)'> (0x000000072aa26060) 
thrown [s\src\hotspot\share\interpreter\linkResolver.cpp, line 774]
Event: 1.551 Thread 0x000001858f37d7a0 Exception <a 'java/lang/NoSuchMethodError'{0x000000072a9e8bb0}: 'int java.lang.invoke.DirectMethodHandle$Holder.invokeStatic(java.lang.Object, java.lang.Object, java.lang.Object, java.lang.Object, java.lang.Object)'> (0x000000072a9e8bb0) 
thrown [s\src\hotspot\share\interpreter\linkResolver.cpp, line 774]
Event: 1.557 Thread 0x000001858f37d7a0 Exception <a 'java/lang/NoSuchMethodError'{0x000000072a74dff8}: 'java.lang.Object java.lang.invoke.DirectMethodHandle$Holder.newInvokeSpecial(java.lang.Object, java.lang.Object, java.lang.Object, java.lang.Object, java.lang.Object, java.lang.Object)'> (0x000000072a74dff8) 
thrown [s\src\hotspot\share\interpreter\linkResolver.cpp, line 774]
Event: 1.591 Thread 0x000001858f37d7a0 Exception <a 'java/lang/IncompatibleClassChangeError'{0x000000072a146b00}: Found class java.lang.Object, but interface was expected> (0x000000072a146b00) 
thrown [s\src\hotspot\share\interpreter\linkResolver.cpp, line 841]
Event: 1.599 Thread 0x000001858f37d7a0 Exception <a 'java/lang/IncompatibleClassChangeError'{0x0000000729e5bb18}: Found class java.lang.Object, but interface was expected> (0x0000000729e5bb18) 
thrown [s\src\hotspot\share\interpreter\linkResolver.cpp, line 841]
Event: 1.606 Thread 0x000001858f37d7a0 Exception <a 'java/lang/IncompatibleClassChangeError'{0x0000000729ffac48}: Found class java.lang.Object, but interface was expected> (0x0000000729ffac48) 
thrown [s\src\hotspot\share\interpreter\linkResolver.cpp, line 841]
Event: 1.618 Thread 0x000001858f37d7a0 Exception <a 'java/lang/IncompatibleClassChangeError'{0x0000000729b16100}: Found class java.lang.Object, but interface was expected> (0x0000000729b16100) 
thrown [s\src\hotspot\share\interpreter\linkResolver.cpp, line 841]
Event: 1.644 Thread 0x000001858f37d7a0 Exception <a 'java/lang/NoSuchMethodError'{0x000000072978b420}: 'java.lang.Object java.lang.invoke.DirectMethodHandle$Holder.invokeSpecialIFC(java.lang.Object, java.lang.Object, java.lang.Object)'> (0x000000072978b420) 
thrown [s\src\hotspot\share\interpreter\linkResolver.cpp, line 774]
Event: 1.677 Thread 0x000001858f37d7a0 Exception <a 'java/lang/IncompatibleClassChangeError'{0x0000000728c23b78}: Found class java.lang.Object, but interface was expected> (0x0000000728c23b78) 
thrown [s\src\hotspot\share\interpreter\linkResolver.cpp, line 841]
Event: 1.705 Thread 0x000001858f37d7a0 Exception <a 'java/lang/NoSuchMethodError'{0x00000007288efbd0}: 'java.lang.Object java.lang.invoke.DirectMethodHandle$Holder.invokeStatic(java.lang.Object, java.lang.Object, int, java.lang.Object)'> (0x00000007288efbd0) 
thrown [s\src\hotspot\share\interpreter\linkResolver.cpp, line 774]

ZGC Phase Switch (0 events):
No events

VM Operations (20 events):
Event: 32.019 Executing VM operation: Cleanup
Event: 32.019 Executing VM operation: Cleanup done
Event: 38.050 Executing VM operation: Cleanup
Event: 38.050 Executing VM operation: Cleanup done
Event: 39.061 Executing VM operation: Cleanup
Event: 39.061 Executing VM operation: Cleanup done
Event: 44.101 Executing VM operation: Cleanup
Event: 44.101 Executing VM operation: Cleanup done
Event: 48.613 Executing VM operation: ChangeSingleStep
Event: 48.613 Executing VM operation: ChangeSingleStep done
Event: 48.613 Executing VM operation: ChangeSingleStep
Event: 48.613 Executing VM operation: ChangeSingleStep done
Event: 48.619 Executing VM operation: RedefineClasses
Event: 48.626 Executing VM operation: RedefineClasses done
Event: 48.709 Executing VM operation: ChangeBreakpoints
Event: 48.710 Executing VM operation: ChangeBreakpoints done
Event: 48.710 Executing VM operation: ChangeBreakpoints
Event: 48.711 Executing VM operation: ChangeBreakpoints done
Event: 48.730 Executing VM operation: ChangeSingleStep
Event: 48.730 Executing VM operation: ChangeSingleStep done

Events (20 events):
Event: 0.896 Thread 0x00000185a6745ad0 Thread added: 0x00000185a6745ad0
Event: 0.913 Thread 0x00000185a5e3f8e0 Thread added: 0x00000185a5e3f8e0
Event: 0.933 Thread 0x00000185a5e3f8e0 Thread exited: 0x00000185a5e3f8e0
Event: 1.031 Thread 0x00000185a5e3e530 Thread exited: 0x00000185a5e3e530
Event: 1.510 Thread 0x00000185a6e14da0 Thread added: 0x00000185a6e14da0
Event: 1.511 Thread 0x00000185a6e17500 Thread added: 0x00000185a6e17500
Event: 1.513 Thread 0x00000185a6e16e70 Thread added: 0x00000185a6e16e70
Event: 1.557 Thread 0x00000185a6e15430 Thread added: 0x00000185a6e15430
Event: 2.639 Thread 0x00000185a6745ad0 Thread exited: 0x00000185a6745ad0
Event: 3.191 Thread 0x00000185a6745410 Thread exited: 0x00000185a6745410
Event: 3.191 Thread 0x00000185a5665ae0 Thread exited: 0x00000185a5665ae0
Event: 3.191 Thread 0x00000185a6742d40 Thread exited: 0x00000185a6742d40
Event: 3.191 Thread 0x00000185a56623b0 Thread exited: 0x00000185a56623b0
Event: 5.860 Thread 0x00000185a565fce0 Thread exited: 0x00000185a565fce0
Event: 5.860 Thread 0x00000185a565d610 Thread exited: 0x00000185a565d610
Event: 5.861 Thread 0x00000185a565cf50 Thread exited: 0x00000185a565cf50
Event: 6.366 Thread 0x00000185a5658d30 Thread exited: 0x00000185a5658d30
Event: 6.869 Thread 0x00000185a031ee30 Thread exited: 0x00000185a031ee30
Event: 6.869 Thread 0x00000185a0100f50 Thread exited: 0x00000185a0100f50
Event: 44.355 Thread 0x00000185a565fce0 Thread added: 0x00000185a565fce0


Dynamic libraries:
0x00007ff6faae0000 - 0x00007ff6faaee000 	C:\Users\Ojitos\.p2\pool\plugins\org.eclipse.justj.openjdk.hotspot.jre.full.win32.x86_64_22.0.1.v20240426-1149\jre\bin\javaw.exe
0x00007ffdd4f70000 - 0x00007ffdd5168000 	C:\Windows\SYSTEM32\ntdll.dll
0x00007ffdd4170000 - 0x00007ffdd422d000 	C:\Windows\System32\KERNEL32.DLL
0x00007ffdd29c0000 - 0x00007ffdd2cb6000 	C:\Windows\System32\KERNELBASE.dll
0x00007ffdd2cc0000 - 0x00007ffdd2dc0000 	C:\Windows\System32\ucrtbase.dll
0x00007ffdcc380000 - 0x00007ffdcc397000 	C:\Users\Ojitos\.p2\pool\plugins\org.eclipse.justj.openjdk.hotspot.jre.full.win32.x86_64_22.0.1.v20240426-1149\jre\bin\jli.dll
0x00007ffdc6c40000 - 0x00007ffdc6c5b000 	C:\Users\Ojitos\.p2\pool\plugins\org.eclipse.justj.openjdk.hotspot.jre.full.win32.x86_64_22.0.1.v20240426-1149\jre\bin\VCRUNTIME140.dll
0x00007ffdb9ae0000 - 0x00007ffdb9d7a000 	C:\Windows\WinSxS\amd64_microsoft.windows.common-controls_6595b64144ccf1df_6.0.19041.4355_none_60b8b9eb71f62e16\COMCTL32.dll
0x00007ffdd44f0000 - 0x00007ffdd468f000 	C:\Windows\System32\USER32.dll
0x00007ffdd38a0000 - 0x00007ffdd393e000 	C:\Windows\System32\msvcrt.dll
0x00007ffdd2f80000 - 0x00007ffdd2fa2000 	C:\Windows\System32\win32u.dll
0x00007ffdd3550000 - 0x00007ffdd357b000 	C:\Windows\System32\GDI32.dll
0x00007ffdd2e60000 - 0x00007ffdd2f77000 	C:\Windows\System32\gdi32full.dll
0x00007ffdd2dc0000 - 0x00007ffdd2e5d000 	C:\Windows\System32\msvcp_win.dll
0x00007ffdd3790000 - 0x00007ffdd37bf000 	C:\Windows\System32\IMM32.DLL
0x00007ffdcac10000 - 0x00007ffdcac1c000 	C:\Users\Ojitos\.p2\pool\plugins\org.eclipse.justj.openjdk.hotspot.jre.full.win32.x86_64_22.0.1.v20240426-1149\jre\bin\vcruntime140_1.dll
0x00007ffd6dca0000 - 0x00007ffd6dd2e000 	C:\Users\Ojitos\.p2\pool\plugins\org.eclipse.justj.openjdk.hotspot.jre.full.win32.x86_64_22.0.1.v20240426-1149\jre\bin\msvcp140.dll
0x00007ffd63080000 - 0x00007ffd63e42000 	C:\Users\Ojitos\.p2\pool\plugins\org.eclipse.justj.openjdk.hotspot.jre.full.win32.x86_64_22.0.1.v20240426-1149\jre\bin\server\jvm.dll
0x00007ffdd36e0000 - 0x00007ffdd3790000 	C:\Windows\System32\ADVAPI32.dll
0x00007ffdd4e90000 - 0x00007ffdd4f30000 	C:\Windows\System32\sechost.dll
0x00007ffdd43c0000 - 0x00007ffdd44e3000 	C:\Windows\System32\RPCRT4.dll
0x00007ffdd2990000 - 0x00007ffdd29b7000 	C:\Windows\System32\bcrypt.dll
0x00007ffdd3a70000 - 0x00007ffdd3adb000 	C:\Windows\System32\WS2_32.dll
0x00007ffdc7230000 - 0x00007ffdc7257000 	C:\Windows\SYSTEM32\WINMM.dll
0x00007ffdd1b60000 - 0x00007ffdd1bab000 	C:\Windows\SYSTEM32\POWRPROF.dll
0x00007ffdc7fd0000 - 0x00007ffdc7fda000 	C:\Windows\SYSTEM32\VERSION.dll
0x00007ffdd1a20000 - 0x00007ffdd1a32000 	C:\Windows\SYSTEM32\UMPDC.dll
0x00007ffdd0e40000 - 0x00007ffdd0e52000 	C:\Windows\SYSTEM32\kernel.appcore.dll
0x00007ffdcc660000 - 0x00007ffdcc66a000 	C:\Users\Ojitos\.p2\pool\plugins\org.eclipse.justj.openjdk.hotspot.jre.full.win32.x86_64_22.0.1.v20240426-1149\jre\bin\jimage.dll
0x00007ffdd03c0000 - 0x00007ffdd05a4000 	C:\Windows\SYSTEM32\DBGHELP.DLL
0x00007ffdc7a30000 - 0x00007ffdc7a64000 	C:\Windows\SYSTEM32\dbgcore.DLL
0x00007ffdd2630000 - 0x00007ffdd26b2000 	C:\Windows\System32\bcryptPrimitives.dll
0x00007ffd89a70000 - 0x00007ffd89aac000 	C:\Users\Ojitos\.p2\pool\plugins\org.eclipse.justj.openjdk.hotspot.jre.full.win32.x86_64_22.0.1.v20240426-1149\jre\bin\jdwp.dll
0x00007ffdcc3a0000 - 0x00007ffdcc3af000 	C:\Users\Ojitos\.p2\pool\plugins\org.eclipse.justj.openjdk.hotspot.jre.full.win32.x86_64_22.0.1.v20240426-1149\jre\bin\instrument.dll
0x00007ffdcc090000 - 0x00007ffdcc0ae000 	C:\Users\Ojitos\.p2\pool\plugins\org.eclipse.justj.openjdk.hotspot.jre.full.win32.x86_64_22.0.1.v20240426-1149\jre\bin\java.dll
0x00007ffdd4690000 - 0x00007ffdd4dfc000 	C:\Windows\System32\SHELL32.dll
0x00007ffdd2fb0000 - 0x00007ffdd30db000 	C:\Windows\System32\ole32.dll
0x00007ffdd3c60000 - 0x00007ffdd3fb3000 	C:\Windows\System32\combase.dll
0x00007ffdcba10000 - 0x00007ffdcba27000 	C:\Users\Ojitos\.p2\pool\plugins\org.eclipse.justj.openjdk.hotspot.jre.full.win32.x86_64_22.0.1.v20240426-1149\jre\bin\zip.dll
0x00007ffdd0690000 - 0x00007ffdd0e2d000 	C:\Windows\SYSTEM32\windows.storage.dll
0x00007ffdd2050000 - 0x00007ffdd207e000 	C:\Windows\SYSTEM32\Wldp.dll
0x00007ffdd39a0000 - 0x00007ffdd3a6d000 	C:\Windows\System32\OLEAUT32.dll
0x00007ffdd3580000 - 0x00007ffdd362d000 	C:\Windows\System32\SHCORE.dll
0x00007ffdd3840000 - 0x00007ffdd3895000 	C:\Windows\System32\shlwapi.dll
0x00007ffdd2560000 - 0x00007ffdd2584000 	C:\Windows\SYSTEM32\profapi.dll
0x00007ffdcba60000 - 0x00007ffdcba6c000 	C:\Users\Ojitos\.p2\pool\plugins\org.eclipse.justj.openjdk.hotspot.jre.full.win32.x86_64_22.0.1.v20240426-1149\jre\bin\dt_socket.dll
0x00007ffdd1a40000 - 0x00007ffdd1a7b000 	C:\Windows\SYSTEM32\IPHLPAPI.DLL
0x00007ffdd1db0000 - 0x00007ffdd1e1a000 	C:\Windows\system32\mswsock.dll
0x00007ffdd1a90000 - 0x00007ffdd1b5a000 	C:\Windows\SYSTEM32\DNSAPI.dll
0x00007ffdd3c40000 - 0x00007ffdd3c48000 	C:\Windows\System32\NSI.dll
0x00007ffdcab00000 - 0x00007ffdcab0a000 	C:\Windows\System32\rasadhlp.dll
0x00007ffdc89c0000 - 0x00007ffdc8a40000 	C:\Windows\System32\fwpuclnt.dll
0x00007ffdcc0c0000 - 0x00007ffdcc0d0000 	C:\Users\Ojitos\.p2\pool\plugins\org.eclipse.justj.openjdk.hotspot.jre.full.win32.x86_64_22.0.1.v20240426-1149\jre\bin\net.dll
0x00007ffdcb4d0000 - 0x00007ffdcb4e6000 	C:\Users\Ojitos\.p2\pool\plugins\org.eclipse.justj.openjdk.hotspot.jre.full.win32.x86_64_22.0.1.v20240426-1149\jre\bin\nio.dll
0x00007ffdcab70000 - 0x00007ffdcab7a000 	C:\Users\Ojitos\.p2\pool\plugins\org.eclipse.justj.openjdk.hotspot.jre.full.win32.x86_64_22.0.1.v20240426-1149\jre\bin\management.dll
0x00007ffdc7d40000 - 0x00007ffdc7d4b000 	C:\Users\Ojitos\.p2\pool\plugins\org.eclipse.justj.openjdk.hotspot.jre.full.win32.x86_64_22.0.1.v20240426-1149\jre\bin\management_ext.dll
0x00007ffdd4290000 - 0x00007ffdd4298000 	C:\Windows\System32\PSAPI.DLL
0x00007ffdacf60000 - 0x00007ffdacf77000 	C:\Windows\system32\napinsp.dll
0x00007ffdac3c0000 - 0x00007ffdac3db000 	C:\Windows\system32\pnrpnsp.dll
0x00007ffdac3a0000 - 0x00007ffdac3b5000 	C:\Windows\system32\wshbth.dll
0x00007ffdcce20000 - 0x00007ffdcce3d000 	C:\Windows\system32\NLAapi.dll
0x00007ffdabeb0000 - 0x00007ffdabec2000 	C:\Windows\System32\winrnr.dll
0x00007ffdd1fb0000 - 0x00007ffdd1fc8000 	C:\Windows\SYSTEM32\CRYPTSP.dll
0x00007ffdd1660000 - 0x00007ffdd1694000 	C:\Windows\system32\rsaenh.dll
0x00007ffdd2510000 - 0x00007ffdd253e000 	C:\Windows\SYSTEM32\USERENV.dll
0x00007ffdd1fa0000 - 0x00007ffdd1fac000 	C:\Windows\SYSTEM32\CRYPTBASE.dll
0x00007ffdb47f0000 - 0x00007ffdb47f9000 	C:\Users\Ojitos\.p2\pool\plugins\org.eclipse.justj.openjdk.hotspot.jre.full.win32.x86_64_22.0.1.v20240426-1149\jre\bin\extnet.dll
0x00007ffdcbe00000 - 0x00007ffdcbe10000 	C:\Users\Ojitos\.p2\pool\plugins\org.eclipse.justj.openjdk.hotspot.jre.full.win32.x86_64_22.0.1.v20240426-1149\jre\bin\verify.dll
0x00007ffdcba00000 - 0x00007ffdcba0e000 	C:\Users\Ojitos\.p2\pool\plugins\org.eclipse.justj.openjdk.hotspot.jre.full.win32.x86_64_22.0.1.v20240426-1149\jre\bin\sunmscapi.dll
0x00007ffdd2730000 - 0x00007ffdd288e000 	C:\Windows\System32\CRYPT32.dll
0x00007ffdd20c0000 - 0x00007ffdd20e9000 	C:\Windows\SYSTEM32\ncrypt.dll
0x00007ffdd2080000 - 0x00007ffdd20bb000 	C:\Windows\SYSTEM32\NTASN1.dll

dbghelp: loaded successfully - version: 4.0.5 - missing functions: none
symbol engine: initialized successfully - sym options: 0x614 - pdb path: .;C:\Users\Ojitos\.p2\pool\plugins\org.eclipse.justj.openjdk.hotspot.jre.full.win32.x86_64_22.0.1.v20240426-1149\jre\bin;C:\Windows\SYSTEM32;C:\Windows\WinSxS\amd64_microsoft.windows.common-controls_6595b64144ccf1df_6.0.19041.4355_none_60b8b9eb71f62e16;C:\Users\Ojitos\.p2\pool\plugins\org.eclipse.justj.openjdk.hotspot.jre.full.win32.x86_64_22.0.1.v20240426-1149\jre\bin\server

VM Arguments:
jvm_args: -XX:+ShowCodeDetailsInExceptionMessages -agentlib:jdwp=transport=dt_socket,suspend=y,address=localhost:65355 -Dcom.sun.management.jmxremote -Dcom.sun.management.jmxremote.port=65354 -Dcom.sun.management.jmxremote.authenticate=false -Dcom.sun.management.jmxremote.ssl=false -Djava.rmi.server.hostname=localhost -Dspring.jmx.enabled=true -Dmanagement.endpoints.jmx.exposure.include=* -Dspring.application.admin.enabled=true -XX:TieredStopAtLevel=1 -Dspring.boot.project.name=Scotiabank -javaagent:C:\Users\Ojitos\eclipse\java-2024-06\eclipse\configuration\org.eclipse.osgi\251\0\.cp\lib\javaagent-shaded.jar -Dfile.encoding=UTF-8 -Dstdout.encoding=UTF-8 -Dstderr.encoding=UTF-8 
java_command: com.api.Scotiabank.ScotiabankApplication --spring.output.ansi.enabled=always
java_class_path (initial): C:\Users\Ojitos\Desktop\Scotiabank\target\classes;C:\Users\Ojitos\.m2\repository\org\springframework\boot\spring-boot-starter-data-r2dbc\3.3.2-SNAPSHOT\spring-boot-starter-data-r2dbc-3.3.2-SNAPSHOT.jar;C:\Users\Ojitos\.m2\repository\org\springframework\boot\spring-boot-starter\3.3.2-SNAPSHOT\spring-boot-starter-3.3.2-SNAPSHOT.jar;C:\Users\Ojitos\.m2\repository\org\springframework\boot\spring-boot\3.3.2-SNAPSHOT\spring-boot-3.3.2-SNAPSHOT.jar;C:\Users\Ojitos\.m2\repository\org\springframework\boot\spring-boot-autoconfigure\3.3.2-SNAPSHOT\spring-boot-autoconfigure-3.3.2-SNAPSHOT.jar;C:\Users\Ojitos\.m2\repository\org\springframework\boot\spring-boot-starter-logging\3.3.2-SNAPSHOT\spring-boot-starter-logging-3.3.2-SNAPSHOT.jar;C:\Users\Ojitos\.m2\repository\ch\qos\logback\logback-classic\1.5.6\logback-classic-1.5.6.jar;C:\Users\Ojitos\.m2\repository\ch\qos\logback\logback-core\1.5.6\logback-core-1.5.6.jar;C:\Users\Ojitos\.m2\repository\org\apache\logging\log4j\log4j-to-slf4j\2.23.1\log4j-to-slf4j-2.23.1.jar;C:\Users\Ojitos\.m2\repository\org\apache\logging\log4j\log4j-api\2.23.1\log4j-api-2.23.1.jar;C:\Users\Ojitos\.m2\repository\org\slf4j\jul-to-slf4j\2.0.13\jul-to-slf4j-2.0.13.jar;C:\Users\Ojitos\.m2\repository\org\yaml\snakeyaml\2.2\snakeyaml-2.2.jar;C:\Users\Ojitos\.m2\repository\org\springframework\data\spring-data-r2dbc\3.3.2-SNAPSHOT\spring-data-r2dbc-3.3.2-SNAPSHOT.jar;C:\Users\Ojitos\.m2\repository\org\springframework\data\spring-data-relational\3.3.2-SNAPSHOT\spring-data-relational-3.3.2-SNAPSHOT.jar;C:\Users\Ojitos\.m2\repository\org\springframework\data\spring-data-commons\3.3.2-SNAPSHOT\spring-data-commons-3.3.2-SNAPSHOT.jar;C:\Users\Ojitos\.m2\repository\org\springframework\spring-tx\6.1.11-SNAPSHOT\spring-tx-6.1.11-SNAPSHOT.jar;C:\Users\Ojitos\.m2\repository\org\springframework\spring-context\6.1.11-SNAPSHOT\spring-context-6.1.11-SNAPSHOT.jar;C:\Users\Ojitos\.m2\repository\org\springframework\spring-aop\6.1.11-SNAPSHOT\spring-aop-6.1.11-SNAPSHOT.jar;C:\Users\Ojitos\.m2\repository\org\springframework\spring-expression\6.1.11-SNAPSHOT\spring-expression-6.1.11-SNAPSHOT.jar;C:\Users\Ojitos\.m2\repository\org\springframework\spring-beans\6.1.11-SNAPSHOT\spring-beans-6.1.11-SNAPSHOT.jar;C:\Users\Ojitos\.m2\repository\org\springframework\spring-jdbc\6.1.11-SNAPSHOT\spring-jdbc-6.1.11-SNAPSHOT.jar;C:\Users\Ojitos\.m2\repository\org\springframework\spring-r2dbc\6.1.11-SNAPSHOT\spring-r2dbc-6.1.11-SNAPSHOT.jar;C:\Users\Ojitos\.m2\repository\org\slf4j\slf4j-api\2.0.13\slf4j-api-2.0.13.jar;C:\Users\Ojitos\.m2\repository\io\r2dbc\r2dbc-spi\1.0.0.RELEASE\r2dbc-spi-1.0.0.RELEASE.jar;C:\Users\Ojitos\.m2\repository\org\reactivestreams\reactive-streams\1.0.4\reactive-streams-1.0.4.jar;C:\Users\Ojitos\.m2\repository\io\r2dbc\r2dbc-pool\1.0.1.RELEASE\r2dbc-pool-1.0.1.RELEASE.jar;C:\Users\Ojitos\.m2\repository\io\projectreactor\addons\reactor-pool\1.0.7\reactor-pool-1.0.7.jar;C:\Users\Ojitos\.m2\repository\io\r2dbc\r2dbc-h2\1.0.0.RELEASE\r2dbc-h2-1.0.0.RELEASE.jar;C:\Users\Ojitos\.m2\repository\io\projectreactor\reactor-core\3.6.8\reactor-core-3.6.8.jar;C:\Users\Ojitos\.m2\repository\org\springframework\boot\spring-boot-starter-webflux\3.3.2-SNAPSHOT\spring-boot-starter-webflux-3.3.2-SNAPSHOT.jar;C:\Users\Ojitos\.m2\repository\org\springframework\boot\spring-boot-starter-json\3.3.2-SNAPSHOT\spring-boot-starter-json-3.3.2-SNAPSHOT.jar;C:\Users\Ojitos\.m2\repository\com\fasterxml\jackson\core\jackson-databind\2.17.2\jackson-databind-2.17.2.jar;C:\Users\Ojitos\.m2\repository\com\fasterxml\jackson\core\jackson-annotations\2.17.2\jackson-annotations-2.17.2.jar;C:\Users\Ojitos\.m2\repository\com\fasterxml\jackson\datatype\jackson-datatype-jdk8\2.17.2\jackson-datatype-jdk8-2.17.2.jar;C:\Users\Ojitos\.m2\repository\com\fasterxml\jackson\datatype\jackson-datatype-jsr310\2.17.2\jackson-datatype-jsr310-2.17.2.jar;C:\Users\Ojitos\.m2\repository\com\fasterxml\jackson\module\jackson-module-parameter-names\2.17.2\jackson-module-parameter-names-2.17.2.jar;C:\Users\Ojitos\.m2\repository\org\springframework\boot\spring-boot-starter-reactor-netty\3.3.2-SNAPSHOT\spring-boot-starter-reactor-netty-3.3.2-SNAPSHOT.jar;C:\Users\Ojitos\.m2\repository\io\projectreactor\netty\reactor-netty-http\1.1.21\reactor-netty-http-1.1.21.jar;C:\Users\Ojitos\.m2\repository\io\netty\netty-codec-http\4.1.111.Final\netty-codec-http-4.1.111.Final.jar;C:\Users\Ojitos\.m2\repository\io\netty\netty-common\4.1.111.Final\netty-common-4.1.111.Final.jar;C:\Users\Ojitos\.m2\repository\io\netty\netty-buffer\4.1.111.Final\netty-buffer-4.1.111.Final.jar;C:\Users\Ojitos\.m2\repository\io\netty\netty-transport\4.1.111.Final\netty-transport-4.1.111.Final.jar;C:\Users\Ojitos\.m2\repository\io\netty\netty-codec\4.1.111.Final\netty-codec-4.1.111.Final.jar;C:\Users\Ojitos\.m2\repository\io\netty\netty-handler\4.1.111.Final\netty-handler-4.1.111.Final.jar;C:\Users\Ojitos\.m2\repository\io\netty\netty-codec-http2\4.1.111.Final\netty-codec-http2-4.1.111.Final.jar;C:\Users\Ojitos\.m2\repository\io\netty\netty-resolver-dns\4.1.111.Final\netty-resolver-dns-4.1.111.Final.jar;C:\Users\Ojitos\.m2\repository\io\netty\netty-resolver\4.1.111.Final\netty-resolver-4.1.111.Final.jar;C:\Users\Ojitos\.m2\repository\io\netty\netty-codec-dns\4.1.111.Final\netty-codec-dns-4.1.111.Final.jar;C:\Users\Ojitos\.m2\repository\io\netty\netty-resolver-dns-native-macos\4.1.111.Final\netty-resolver-dns-native-macos-4.1.111.Final-osx-x86_64.jar;C:\Users\Ojitos\.m2\repository\io\netty\netty-resolver-dns-classes-macos\4.1.111.Final\netty-resolver-dns-classes-macos-4.1.111.Final.jar;C:\Users\Ojitos\.m2\repository\io\netty\netty-transport-native-epoll\4.1.111.Final\netty-transport-native-epoll-4.1.111.Final-linux-x86_64.jar;C:\Users\Ojitos\.m2\repository\io\netty\netty-transport-native-unix-common\4.1.111.Final\netty-transport-native-unix-common-4.1.111.Final.jar;C:\Users\Ojitos\.m2\repository\io\netty\netty-transport-classes-epoll\4.1.111.Final\netty-transport-classes-epoll-4.1.111.Final.jar;C:\Users\Ojitos\.m2\repository\io\projectreactor\netty\reactor-netty-core\1.1.21\reactor-netty-core-1.1.21.jar;C:\Users\Ojitos\.m2\repository\io\netty\netty-handler-proxy\4.1.111.Final\netty-handler-proxy-4.1.111.Final.jar;C:\Users\Ojitos\.m2\repository\io\netty\netty-codec-socks\4.1.111.Final\netty-codec-socks-4.1.111.Final.jar;C:\Users\Ojitos\.m2\repository\org\springframework\spring-web\6.1.11-SNAPSHOT\spring-web-6.1.11-SNAPSHOT.jar;C:\Users\Ojitos\.m2\repository\io\micrometer\micrometer-observation\1.13.2\micrometer-observation-1.13.2.jar;C:\Users\Ojitos\.m2\repository\io\micrometer\micrometer-commons\1.13.2\micrometer-commons-1.13.2.jar;C:\Users\Ojitos\.m2\repository\org\springframework\spring-webflux\6.1.11-SNAPSHOT\spring-webflux-6.1.11-SNAPSHOT.jar;C:\Users\Ojitos\.m2\repository\com\h2database\h2\2.2.224\h2-2.2.224.jar;C:\Users\Ojitos\.m2\repository\org\springframework\boot\spring-boot-starter-validation\3.3.2-SNAPSHOT\spring-boot-starter-validation-3.3.2-SNAPSHOT.jar;C:\Users\Ojitos\.m2\repository\org\apache\tomcat\embed\tomcat-embed-el\10.1.25\tomcat-embed-el-10.1.25.jar;C:\Users\Ojitos\.m2\repository\org\hibernate\validator\hibernate-validator\8.0.1.Final\hibernate-validator-8.0.1.Final.jar;C:\Users\Ojitos\.m2\repository\jakarta\validation\jakarta.validation-api\3.0.2\jakarta.validation-api-3.0.2.jar;C:\Users\Ojitos\.m2\repository\org\jboss\logging\jboss-logging\3.5.3.Final\jboss-logging-3.5.3.Final.jar;C:\Users\Ojitos\.m2\repository\com\fasterxml\classmate\1.7.0\classmate-1.7.0.jar;C:\Users\Ojitos\.m2\repository\org\projectlombok\lombok\1.18.34\lombok-1.18.34.jar;C:\Users\Ojitos\.m2\repository\org\flywaydb\flyway-core\10.10.0\flyway-core-10.10.0.jar;C:\Users\Ojitos\.m2\repository\com\fasterxml\jackson\dataformat\jackson-dataformat-toml\2.17.2\jackson-dataformat-toml-2.17.2.jar;C:\Users\Ojitos\.m2\repository\com\fasterxml\jackson\core\jackson-core\2.17.2\jackson-core-2.17.2.jar;C:\Users\Ojitos\.m2\repository\com\google\code\gson\gson\2.10.1\gson-2.10.1.jar;C:\Users\Ojitos\.m2\repository\org\springframework\boot\spring-boot-starter-tomcat\3.3.2-SNAPSHOT\spring-boot-starter-tomcat-3.3.2-SNAPSHOT.jar;C:\Users\Ojitos\.m2\repository\jakarta\annotation\jakarta.annotation-api\2.1.1\jakarta.annotation-api-2.1.1.jar;C:\Users\Ojitos\.m2\repository\org\apache\tomcat\embed\tomcat-embed-core\10.1.25\tomcat-embed-core-10.1.25.jar;C:\Users\Ojitos\.m2\repository\org\apache\tomcat\embed\tomcat-embed-websocket\10.1.25\tomcat-embed-websocket-10.1.25.jar;C:\Users\Ojitos\.m2\repository\org\springframework\spring-core\6.1.11-SNAPSHOT\spring-core-6.1.11-SNAPSHOT.jar;C:\Users\Ojitos\.m2\repository\org\springframework\spring-jcl\6.1.11-SNAPSHOT\spring-jcl-6.1.11-SNAPSHOT.jar
Launcher Type: SUN_STANDARD

[Global flags]
     intx CICompilerCount                          = 12                                        {product} {ergonomic}
     uint ConcGCThreads                            = 4                                         {product} {ergonomic}
     uint G1ConcRefinementThreads                  = 15                                        {product} {ergonomic}
   size_t G1HeapRegionSize                         = 2097152                                   {product} {ergonomic}
   size_t InitialHeapSize                          = 230686720                                 {product} {ergonomic}
     bool ManagementServer                         = true                                      {product} {command line}
   size_t MarkStackSize                            = 4194304                                   {product} {ergonomic}
   size_t MaxHeapSize                              = 3682598912                                {product} {ergonomic}
   size_t MaxNewSize                               = 2208301056                                {product} {ergonomic}
   size_t MinHeapDeltaBytes                        = 2097152                                   {product} {ergonomic}
   size_t MinHeapSize                              = 8388608                                   {product} {ergonomic}
    uintx NonNMethodCodeHeapSize                   = 4096                                   {pd product} {ergonomic}
    uintx NonProfiledCodeHeapSize                  = 0                                      {pd product} {ergonomic}
     bool ProfileInterpreter                       = false                                  {pd product} {command line}
    uintx ProfiledCodeHeapSize                     = 0                                      {pd product} {ergonomic}
     bool ShowCodeDetailsInExceptionMessages       = true                                   {manageable} {command line}
   size_t SoftMaxHeapSize                          = 3682598912                             {manageable} {ergonomic}
     intx TieredStopAtLevel                        = 1                                         {product} {command line}
     bool UseCompressedOops                        = true                           {product lp64_product} {ergonomic}
     bool UseG1GC                                  = true                                      {product} {ergonomic}
     bool UseLargePagesIndividualAllocation        = false                                  {pd product} {ergonomic}

Logging:
Log output configuration:
 #0: stdout all=warning uptime,level,tags foldmultilines=false
 #1: stderr all=off uptime,level,tags foldmultilines=false

Environment Variables:
PATH=C:\Users\Ojitos\.p2\pool\plugins\org.eclipse.justj.openjdk.hotspot.jre.full.win32.x86_64_22.0.1.v20240426-1149\jre\bin;C:/Users/Ojitos/.p2/pool/plugins/org.eclipse.justj.openjdk.hotspot.jre.full.win32.x86_64_22.0.1.v20240426-1149/jre/bin/server;C:/Users/Ojitos/.p2/pool/plugins/org.eclipse.justj.openjdk.hotspot.jre.full.win32.x86_64_22.0.1.v20240426-1149/jre/bin;C:\Program Files (x86)\Common Files\Oracle\Java\java8path;C:\Program Files (x86)\Common Files\Oracle\Java\javapath;C:\Windows\system32;C:\Windows;C:\Windows\System32\Wbem;C:\Windows\System32\WindowsPowerShell\v1.0\;C:\Windows\System32\OpenSSH\;C:\Program Files (x86)\NVIDIA Corporation\PhysX\Common;C:\Program Files\Git\cmd;C:\Users\Ojitos\AppData\Local\Microsoft\WindowsApps;C:\Users\Ojitos\AppData\Local\Programs\Microsoft VS Code\bin;C:\Users\Ojitos\Desktop;
USERNAME=Ojitos
OS=Windows_NT
PROCESSOR_IDENTIFIER=Intel64 Family 6 Model 154 Stepping 3, GenuineIntel
TMP=C:\Users\Ojitos\AppData\Local\Temp
TEMP=C:\Users\Ojitos\AppData\Local\Temp




Periodic native trim disabled

---------------  S Y S T E M  ---------------

OS:
 Windows 10 , 64 bit Build 19041 (10.0.19041.3636)
OS uptime: 0 days 6:14 hours

CPU: total 20 (initial active 20) (20 cores per cpu, 1 threads per core) family 6 model 154 stepping 3 microcode 0x41f, cx8, cmov, fxsr, mmx, 3dnowpref, sse, sse2, sse3, ssse3, sse4.1, sse4.2, popcnt, lzcnt, tsc, tscinvbit, avx, avx2, aes, erms, clmul, bmi1, bmi2, adx, sha, fma, vzeroupper, clflush, clflushopt, clwb, serialize, rdtscp, rdpid, fsrm, f16c, pku, cet_ibt, cet_ss
Processor Information for processor 0
  Max Mhz: 2900, Current Mhz: 2900, Mhz Limit: 2900
Processor Information for processor 1
  Max Mhz: 2900, Current Mhz: 2900, Mhz Limit: 2900
Processor Information for processor 2
  Max Mhz: 2900, Current Mhz: 2900, Mhz Limit: 2900
Processor Information for processor 3
  Max Mhz: 2900, Current Mhz: 2900, Mhz Limit: 2900
Processor Information for processor 4
  Max Mhz: 2900, Current Mhz: 2900, Mhz Limit: 2900
Processor Information for processor 5
  Max Mhz: 2900, Current Mhz: 2900, Mhz Limit: 2900
Processor Information for processor 6
  Max Mhz: 2900, Current Mhz: 2900, Mhz Limit: 2900
Processor Information for processor 7
  Max Mhz: 2900, Current Mhz: 2900, Mhz Limit: 2900
Processor Information for processor 8
  Max Mhz: 2900, Current Mhz: 2900, Mhz Limit: 2900
Processor Information for processor 9
  Max Mhz: 2900, Current Mhz: 2900, Mhz Limit: 2900
Processor Information for processor 10
  Max Mhz: 2900, Current Mhz: 2900, Mhz Limit: 2900
Processor Information for processor 11
  Max Mhz: 2900, Current Mhz: 2900, Mhz Limit: 2900
Processor Information for processor 12
  Max Mhz: 2900, Current Mhz: 2088, Mhz Limit: 2088
Processor Information for processor 13
  Max Mhz: 2900, Current Mhz: 2088, Mhz Limit: 2088
Processor Information for processor 14
  Max Mhz: 2900, Current Mhz: 2088, Mhz Limit: 2088
Processor Information for processor 15
  Max Mhz: 2900, Current Mhz: 2088, Mhz Limit: 2088
Processor Information for processor 16
  Max Mhz: 2900, Current Mhz: 2088, Mhz Limit: 2088
Processor Information for processor 17
  Max Mhz: 2900, Current Mhz: 2088, Mhz Limit: 2088
Processor Information for processor 18
  Max Mhz: 2900, Current Mhz: 2088, Mhz Limit: 2088
Processor Information for processor 19
  Max Mhz: 2900, Current Mhz: 2088, Mhz Limit: 2088

Memory: 4k page, system-wide physical 14043M (3315M free)
TotalPageFile size 18240M (AvailPageFile size 2461M)
current process WorkingSet (physical memory assigned to process): 242M, peak: 243M
current process commit charge ("private bytes"): 307M, peak: 335M

vm_info: OpenJDK 64-Bit Server VM (22.0.1+8) for windows-amd64 JRE (22.0.1+8), built on 2024-04-16T00:00:00Z by "admin" with MS VC++ 17.7 (VS2022)

END.
